#
# There is insufficient memory for the Java Runtime Environment to continue.
# Native memory allocation (malloc) failed to allocate 2920336 bytes. Error detail: Chunk::new
# Possible reasons:
#   The system is out of physical RAM or swap space
#   This process is running with CompressedOops enabled, and the Java Heap may be blocking the growth of the native heap
# Possible solutions:
#   Reduce memory load on the system
#   Increase physical memory or swap space
#   Check if swap backing store is full
#   Decrease Java heap size (-Xmx/-Xms)
#   Decrease number of Java threads
#   Decrease Java thread stack sizes (-Xss)
#   Set larger code cache with -XX:ReservedCodeCacheSize=
#   JVM is running with Unscaled Compressed Oops mode in which the Java heap is
#     placed in the first 4GB address space. The Java Heap base address is the
#     maximum limit for the native heap growth. Please use -XX:HeapBaseMinAddress
#     to set the Java Heap base and to place the Java Heap above 4GB virtual address.
# This output file may be truncated or incomplete.
#
#  Out of Memory Error (arena.cpp:162), pid=26344, tid=17772
#
# JRE version: Java(TM) SE Runtime Environment (24.0.2+12) (build 24.0.2+12-54)
# Java VM: Java HotSpot(TM) 64-Bit Server VM (24.0.2+12-54, mixed mode, sharing, tiered, compressed oops, compressed class ptrs, g1 gc, windows-amd64)
# No core dump will be written. Minidumps are not enabled by default on client versions of Windows
#

---------------  S U M M A R Y ------------

Command Line: -javaagent:C:\Program Files\JetBrains\IntelliJ IDEA 2025.2.1\lib\idea_rt.jar=62140 -Dfile.encoding=UTF-8 -Dsun.stdout.encoding=UTF-8 -Dsun.stderr.encoding=UTF-8 --module-path=C:\Users\abhisek raj\.m2\repository\org\openjfx\javafx-fxml\21.0.6\javafx-fxml-21.0.6-win.jar;C:\Users\abhisek raj\.m2\repository\org\openjfx\javafx-base\21.0.6\javafx-base-21.0.6-win.jar;C:\Users\abhisek raj\.m2\repository\org\fxmisc\richtext\richtextfx\0.11.2\richtextfx-0.11.2.jar;C:\Users\abhisek raj\.m2\repository\com\github\javaparser\javaparser-symbol-solver-core\3.26.2\javaparser-symbol-solver-core-3.26.2.jar;C:\Users\abhisek raj\.m2\repository\org\checkerframework\checker-qual\3.43.0\checker-qual-3.43.0.jar;C:\Users\abhisek raj\.m2\repository\com\fasterxml\jackson\core\jackson-core\2.17.1\jackson-core-2.17.1.jar;C:\Users\abhisek raj\.m2\repository\org\openjfx\javafx-controls\21.0.6\javafx-controls-21.0.6-win.jar;C:\Users\abhisek raj\.m2\repository\org\reactfx\reactfx\2.0-M5\reactfx-2.0-M5.jar;C:\Users\abhisek raj\.m2\repository\org\openjfx\javafx-graphics\21.0.6\javafx-graphics-21.0.6-win.jar;C:\Users\abhisek raj\.m2\repository\commons-io\commons-io\2.15.1\commons-io-2.15.1.jar;C:\Users\abhisek raj\.m2\repository\com\github\javaparser\javaparser-core\3.26.2\javaparser-core-3.26.2.jar;C:\Users\abhisek raj\.m2\repository\org\javassist\javassist\3.30.2-GA\javassist-3.30.2-GA.jar;D:\bodhak-frontend\target\classes;C:\Users\abhisek raj\.m2\repository\com\fasterxml\jackson\core\jackson-annotations\2.17.1\jackson-annotations-2.17.1.jar;C:\Users\abhisek raj\.m2\repository\com\fasterxml\jackson\core\jackson-databind\2.17.1\jackson-databind-2.17.1.jar -Djdk.module.main=com.example.bodhakfrontend com.example.bodhakfrontend/com.example.bodhakfrontend.Main

Host: AMD Ryzen 5 7530U with Radeon Graphics         , 12 cores, 7G,  Windows 11 , 64 bit Build 26100 (10.0.26100.7705)
Time: Fri Mar  6 15:36:46 2026 India Standard Time elapsed time: 41.040135 seconds (0d 0h 0m 41s)

---------------  T H R E A D  ---------------

Current thread (0x00000124d57462c0):  JavaThread "C2 CompilerThread0" daemon [_thread_in_native, id=17772, stack(0x0000000249900000,0x0000000249a00000) (1024K)]


Current CompileTask:
C2:41040 8122   !   4       sun.nio.fs.WindowsFileAttributes::get (275 bytes)

Stack: [0x0000000249900000,0x0000000249a00000]
Native frames: (J=compiled Java code, j=interpreted, Vv=VM code, C=native code)
V  [jvm.dll+0x730829]  (no source info available)
V  [jvm.dll+0x8d9da3]  (no source info available)
V  [jvm.dll+0x8dc28d]  (no source info available)
V  [jvm.dll+0x8dc903]  (no source info available)
V  [jvm.dll+0x2a9f56]  (no source info available)
V  [jvm.dll+0xced7f]  (no source info available)
V  [jvm.dll+0xcefdf]  (no source info available)
V  [jvm.dll+0x154c83]  (no source info available)
V  [jvm.dll+0x73604f]  (no source info available)
V  [jvm.dll+0x26f8dc]  (no source info available)
V  [jvm.dll+0x26e8ff]  (no source info available)
V  [jvm.dll+0x1e9c90]  (no source info available)
V  [jvm.dll+0x27e0cb]  (no source info available)
V  [jvm.dll+0x27c36a]  (no source info available)
V  [jvm.dll+0x42f396]  (no source info available)
V  [jvm.dll+0x87d9eb]  (no source info available)
V  [jvm.dll+0x72ef45]  (no source info available)
C  [ucrtbase.dll+0x37b0]  (no source info available)
C  [KERNEL32.DLL+0x2e8d7]  (no source info available)
C  [ntdll.dll+0x8c40c]  (no source info available)

Lock stack of current Java thread (top to bottom):


---------------  P R O C E S S  ---------------

Threads class SMR info:
_java_thread_list=0x000001251c4da4b0, length=21, elements={
0x00000124b86fed00, 0x00000124d5730620, 0x00000124d5730d60, 0x00000124d5733430,
0x00000124d5734310, 0x00000124d57365c0, 0x00000124d5738230, 0x00000124d57462c0,
0x00000124d5753810, 0x00000124d576e310, 0x000001251b174580, 0x000001251b174cc0,
0x000001251b76d600, 0x000001251ba8c7b0, 0x000001251bb1e520, 0x000001251bb2b7a0,
0x000001251bcf4050, 0x000001251bea3020, 0x000001251bea28d0, 0x000001251b698e30,
0x00000125294bb5d0
}

Java Threads: ( => current thread )
  0x00000124b86fed00 JavaThread "main"                              [_thread_blocked, id=14236, stack(0x0000000248b00000,0x0000000248c00000) (1024K)]
  0x00000124d5730620 JavaThread "Reference Handler"          daemon [_thread_blocked, id=18664, stack(0x0000000249300000,0x0000000249400000) (1024K)]
  0x00000124d5730d60 JavaThread "Finalizer"                  daemon [_thread_blocked, id=25296, stack(0x0000000249400000,0x0000000249500000) (1024K)]
  0x00000124d5733430 JavaThread "Signal Dispatcher"          daemon [_thread_blocked, id=17280, stack(0x0000000249500000,0x0000000249600000) (1024K)]
  0x00000124d5734310 JavaThread "Attach Listener"            daemon [_thread_blocked, id=19880, stack(0x0000000249600000,0x0000000249700000) (1024K)]
  0x00000124d57365c0 JavaThread "Service Thread"             daemon [_thread_blocked, id=24880, stack(0x0000000249700000,0x0000000249800000) (1024K)]
  0x00000124d5738230 JavaThread "Monitor Deflation Thread"   daemon [_thread_blocked, id=16072, stack(0x0000000249800000,0x0000000249900000) (1024K)]
=>0x00000124d57462c0 JavaThread "C2 CompilerThread0"         daemon [_thread_in_native, id=17772, stack(0x0000000249900000,0x0000000249a00000) (1024K)]
  0x00000124d5753810 JavaThread "C1 CompilerThread0"         daemon [_thread_blocked, id=20616, stack(0x0000000249a00000,0x0000000249b00000) (1024K)]
  0x00000124d576e310 JavaThread "Common-Cleaner"             daemon [_thread_blocked, id=25224, stack(0x0000000249b00000,0x0000000249c00000) (1024K)]
  0x000001251b174580 JavaThread "Monitor Ctrl-Break"         daemon [_thread_in_native, id=20568, stack(0x0000000249d00000,0x0000000249e00000) (1024K)]
  0x000001251b174cc0 JavaThread "Notification Thread"        daemon [_thread_blocked, id=8360, stack(0x0000000249e00000,0x0000000249f00000) (1024K)]
  0x000001251b76d600 JavaThread "JavaFX-Launcher"                   [_thread_blocked, id=23636, stack(0x0000000249f00000,0x000000024a000000) (1024K)]
  0x000001251ba8c7b0 JavaThread "QuantumRenderer-0"          daemon [_thread_in_Java, id=21944, stack(0x0000000249c00000,0x0000000249d00000) (1024K)]
  0x000001251bb1e520 JavaThread "InvokeLaterDispatcher"      daemon [_thread_blocked, id=23800, stack(0x000000024a200000,0x000000024a300000) (1024K)]
  0x000001251bb2b7a0 JavaThread "JavaFX Application Thread"         [_thread_in_native, id=19568, stack(0x000000024a300000,0x000000024a400000) (1024K)]
  0x000001251bcf4050 JavaThread "Thread-2"                   daemon [_thread_in_native, id=19312, stack(0x000000024ac00000,0x000000024ad00000) (1024K)]
  0x000001251bea3020 JavaThread "Prism Font Disposer"        daemon [_thread_blocked, id=8680, stack(0x000000024b400000,0x000000024b500000) (1024K)]
  0x000001251bea28d0 JavaThread "Cleaner-0"                  daemon [_thread_blocked, id=27184, stack(0x000000024c300000,0x000000024c400000) (1024K)]
  0x000001251b698e30 JavaThread "Thread-3"                          [_thread_in_native, id=7096, stack(0x000000024ae00000,0x000000024af00000) (1024K)]
  0x00000125294bb5d0 JavaThread "C2 CompilerThread1"         daemon [_thread_in_native, id=18032, stack(0x000000024b500000,0x000000024b600000) (1024K)]
Total: 21

Other Threads:
  0x00000124d55e6030 VMThread "VM Thread"                           [id=17964, stack(0x0000000249200000,0x0000000249300000) (1024K)]
  0x00000124d570fe20 WatcherThread "VM Periodic Task Thread"        [id=24168, stack(0x0000000249100000,0x0000000249200000) (1024K)]
  0x00000124b8753f90 WorkerThread "GC Thread#0"                     [id=22904, stack(0x0000000248c00000,0x0000000248d00000) (1024K)]
  0x00000124d55e72a0 WorkerThread "GC Thread#1"                     [id=25384, stack(0x000000024af00000,0x000000024b000000) (1024K)]
  0x00000124d55e58d0 WorkerThread "GC Thread#2"                     [id=12836, stack(0x000000024b000000,0x000000024b100000) (1024K)]
  0x000001251beca190 WorkerThread "GC Thread#3"                     [id=24788, stack(0x000000024b100000,0x000000024b200000) (1024K)]
  0x000001251becb400 WorkerThread "GC Thread#4"                     [id=24280, stack(0x000000024b200000,0x000000024b300000) (1024K)]
  0x000001251becbb60 WorkerThread "GC Thread#5"                     [id=20280, stack(0x000000024b300000,0x000000024b400000) (1024K)]
  0x000001251beca8f0 WorkerThread "GC Thread#6"                     [id=26204, stack(0x000000024c400000,0x000000024c500000) (1024K)]
  0x000001251becaca0 WorkerThread "GC Thread#7"                     [id=24848, stack(0x000000024c500000,0x000000024c600000) (1024K)]
  0x000001251bec8060 WorkerThread "GC Thread#8"                     [id=8512, stack(0x000000024c600000,0x000000024c700000) (1024K)]
  0x000001251becb050 WorkerThread "GC Thread#9"                     [id=8556, stack(0x000000024c700000,0x000000024c800000) (1024K)]
  0x00000124b8781270 ConcurrentGCThread "G1 Main Marker"            [id=22244, stack(0x0000000248d00000,0x0000000248e00000) (1024K)]
  0x00000124b87833d0 WorkerThread "G1 Conc#0"                       [id=13888, stack(0x0000000248e00000,0x0000000248f00000) (1024K)]
  0x000001251bec9680 WorkerThread "G1 Conc#1"                       [id=25280, stack(0x000000024c800000,0x000000024c900000) (1024K)]
  0x000001251bec8f20 WorkerThread "G1 Conc#2"                       [id=11448, stack(0x000000024c900000,0x000000024ca00000) (1024K)]
  0x00000124d55dcea0 ConcurrentGCThread "G1 Refine#0"               [id=18060, stack(0x0000000248f00000,0x0000000249000000) (1024K)]
  0x00000124d55df6e0 ConcurrentGCThread "G1 Service"                [id=25076, stack(0x0000000249000000,0x0000000249100000) (1024K)]
Total: 18

Threads with active compile tasks:
C2 CompilerThread0  43185 8122   !   4       sun.nio.fs.WindowsFileAttributes::get (275 bytes)
C2 CompilerThread1  43185 8124   !   4       sun.nio.fs.WindowsNativeDispatcher::GetFileAttributesEx (50 bytes)
Total: 2

VM state: not at safepoint (normal execution)

VM Mutex/Monitor currently owned by a thread: None

Heap address: 0x000000008ae00000, size: 1874 MB, Compressed Oops mode: 32-bit

CDS archive(s) mapped at: [0x00000124d6000000-0x00000124d6d40000-0x00000124d6d40000), size 13893632, SharedBaseAddress: 0x00000124d6000000, ArchiveRelocationMode: 1.
Compressed class space mapped at: 0x00000124d7000000-0x0000012517000000, reserved size: 1073741824
UseCompressedClassPointers 1, UseCompactObjectHeaders 0
Narrow klass pointer bits 32, Max shift 3
Narrow klass base: 0x00000124d6000000, Narrow klass shift: 0
Encoding Range: [0x00000124d6000000 - 0x00000125d6000000), (4294967296 bytes)
Klass Range:    [0x00000124d6000000 - 0x0000012517000000), (1090519040 bytes)
Klass ID Range:  [8 - 1090519033) (1090519025)

GC Precious Log:
 CardTable entry size: 512
 Card Set container configuration: InlinePtr #cards 5 size 8 Array Of Cards #cards 10 size 36 Howl #buckets 4 coarsen threshold 1843 Howl Bitmap #cards 512 size 80 coarsen threshold 460 Card regions per heap region 1 cards per card region 2048
 CPUs: 12 total, 12 available
 Memory: 7489M
 Large Page Support: Disabled
 NUMA Support: Disabled
 Compressed Oops: Enabled (32-bit)
 Heap Region Size: 1M
 Heap Min Capacity: 8M
 Heap Initial Capacity: 118M
 Heap Max Capacity: 1874M
 Pre-touch: Disabled
 Parallel Workers: 10
 Concurrent Workers: 3
 Concurrent Refinement Workers: 10
 Periodic GC: Disabled

Heap:
 garbage-first heap   total reserved 1918976K, committed 245760K, used 163746K [0x000000008ae00000, 0x0000000100000000)
  region size 1024K, 93 young (95232K), 9 survivors (9216K)
 Metaspace       used 31114K, committed 31360K, reserved 1114112K
  class space    used 3870K, committed 3968K, reserved 1048576K

Heap Regions: E=young(eden), S=young(survivor), O=old, HS=humongous(starts), HC=humongous(continues), CS=collection set, F=free, TAMS=top-at-mark-start, PB=parsable bottom
|   0|0x000000008ae00000, 0x000000008af00000, 0x000000008af00000|100%|HS|  |TAMS 0x000000008ae00000| PB 0x000000008ae00000| Complete |  0
|   1|0x000000008af00000, 0x000000008b000000, 0x000000008b000000|100%|HC|  |TAMS 0x000000008af00000| PB 0x000000008af00000| Complete |  0
|   2|0x000000008b000000, 0x000000008b100000, 0x000000008b100000|100%|HS|  |TAMS 0x000000008b000000| PB 0x000000008b000000| Complete |  0
|   3|0x000000008b100000, 0x000000008b200000, 0x000000008b200000|100%|HC|  |TAMS 0x000000008b100000| PB 0x000000008b100000| Complete |  0
|   4|0x000000008b200000, 0x000000008b300000, 0x000000008b300000|100%|HS|  |TAMS 0x000000008b200000| PB 0x000000008b200000| Complete |  0
|   5|0x000000008b300000, 0x000000008b400000, 0x000000008b400000|100%|HC|  |TAMS 0x000000008b300000| PB 0x000000008b300000| Complete |  0
|   6|0x000000008b400000, 0x000000008b500000, 0x000000008b500000|100%| O|  |TAMS 0x000000008b400000| PB 0x000000008b400000| Untracked |  0
|   7|0x000000008b500000, 0x000000008b600000, 0x000000008b600000|100%| O|  |TAMS 0x000000008b500000| PB 0x000000008b500000| Untracked |  0
|   8|0x000000008b600000, 0x000000008b700000, 0x000000008b700000|100%| O|  |TAMS 0x000000008b600000| PB 0x000000008b600000| Untracked |  0
|   9|0x000000008b700000, 0x000000008b800000, 0x000000008b800000|100%| O|  |TAMS 0x000000008b700000| PB 0x000000008b700000| Untracked |  0
|  10|0x000000008b800000, 0x000000008b900000, 0x000000008b900000|100%| O|  |TAMS 0x000000008b800000| PB 0x000000008b800000| Untracked |  0
|  11|0x000000008b900000, 0x000000008ba00000, 0x000000008ba00000|100%| O|  |TAMS 0x000000008b900000| PB 0x000000008b900000| Untracked |  0
|  12|0x000000008ba00000, 0x000000008bb00000, 0x000000008bb00000|100%| O|  |TAMS 0x000000008ba00000| PB 0x000000008ba00000| Untracked |  0
|  13|0x000000008bb00000, 0x000000008bc00000, 0x000000008bc00000|100%| O|  |TAMS 0x000000008bb00000| PB 0x000000008bb00000| Untracked |  0
|  14|0x000000008bc00000, 0x000000008bd00000, 0x000000008bd00000|100%| O|  |TAMS 0x000000008bc00000| PB 0x000000008bc00000| Untracked |  0
|  15|0x000000008bd00000, 0x000000008be00000, 0x000000008be00000|100%| O|  |TAMS 0x000000008bd00000| PB 0x000000008bd00000| Untracked |  0
|  16|0x000000008be00000, 0x000000008bf00000, 0x000000008bf00000|100%| O|  |TAMS 0x000000008be00000| PB 0x000000008be00000| Untracked |  0
|  17|0x000000008bf00000, 0x000000008c000000, 0x000000008c000000|100%| O|  |TAMS 0x000000008bf00000| PB 0x000000008bf00000| Untracked |  0
|  18|0x000000008c000000, 0x000000008c100000, 0x000000008c100000|100%| O|  |TAMS 0x000000008c000000| PB 0x000000008c000000| Untracked |  0
|  19|0x000000008c100000, 0x000000008c200000, 0x000000008c200000|100%| O|  |TAMS 0x000000008c100000| PB 0x000000008c100000| Untracked |  0
|  20|0x000000008c200000, 0x000000008c300000, 0x000000008c300000|100%| O|  |TAMS 0x000000008c200000| PB 0x000000008c200000| Untracked |  0
|  21|0x000000008c300000, 0x000000008c400000, 0x000000008c400000|100%| O|  |TAMS 0x000000008c300000| PB 0x000000008c300000| Untracked |  0
|  22|0x000000008c400000, 0x000000008c500000, 0x000000008c500000|100%| O|  |TAMS 0x000000008c400000| PB 0x000000008c400000| Untracked |  0
|  23|0x000000008c500000, 0x000000008c600000, 0x000000008c600000|100%| O|  |TAMS 0x000000008c500000| PB 0x000000008c500000| Untracked |  0
|  24|0x000000008c600000, 0x000000008c700000, 0x000000008c700000|100%| O|  |TAMS 0x000000008c600000| PB 0x000000008c600000| Untracked |  0
|  25|0x000000008c700000, 0x000000008c800000, 0x000000008c800000|100%| O|  |TAMS 0x000000008c700000| PB 0x000000008c700000| Untracked |  0
|  26|0x000000008c800000, 0x000000008c900000, 0x000000008c900000|100%| O|  |TAMS 0x000000008c800000| PB 0x000000008c800000| Untracked |  0
|  27|0x000000008c900000, 0x000000008ca00000, 0x000000008ca00000|100%| O|  |TAMS 0x000000008c900000| PB 0x000000008c900000| Untracked |  0
|  28|0x000000008ca00000, 0x000000008cb00000, 0x000000008cb00000|100%| O|  |TAMS 0x000000008ca00000| PB 0x000000008ca00000| Untracked |  0
|  29|0x000000008cb00000, 0x000000008cc00000, 0x000000008cc00000|100%| O|  |TAMS 0x000000008cb00000| PB 0x000000008cb00000| Untracked |  0
|  30|0x000000008cc00000, 0x000000008cd00000, 0x000000008cd00000|100%| O|  |TAMS 0x000000008cc00000| PB 0x000000008cc00000| Untracked |  0
|  31|0x000000008cd00000, 0x000000008ce00000, 0x000000008ce00000|100%| O|  |TAMS 0x000000008cd00000| PB 0x000000008cd00000| Untracked |  0
|  32|0x000000008ce00000, 0x000000008cf00000, 0x000000008cf00000|100%| O|  |TAMS 0x000000008ce00000| PB 0x000000008ce00000| Untracked |  0
|  33|0x000000008cf00000, 0x000000008d000000, 0x000000008d000000|100%| O|  |TAMS 0x000000008cf00000| PB 0x000000008cf00000| Untracked |  0
|  34|0x000000008d000000, 0x000000008d100000, 0x000000008d100000|100%| O|  |TAMS 0x000000008d000000| PB 0x000000008d000000| Untracked |  0
|  35|0x000000008d100000, 0x000000008d200000, 0x000000008d200000|100%| O|  |TAMS 0x000000008d100000| PB 0x000000008d100000| Untracked |  0
|  36|0x000000008d200000, 0x000000008d300000, 0x000000008d300000|100%| O|  |TAMS 0x000000008d200000| PB 0x000000008d200000| Untracked |  0
|  37|0x000000008d300000, 0x000000008d400000, 0x000000008d400000|100%| O|  |TAMS 0x000000008d300000| PB 0x000000008d300000| Untracked |  0
|  38|0x000000008d400000, 0x000000008d500000, 0x000000008d500000|100%| O|  |TAMS 0x000000008d400000| PB 0x000000008d400000| Untracked |  0
|  39|0x000000008d500000, 0x000000008d600000, 0x000000008d600000|100%| O|  |TAMS 0x000000008d500000| PB 0x000000008d500000| Untracked |  0
|  40|0x000000008d600000, 0x000000008d700000, 0x000000008d700000|100%| O|  |TAMS 0x000000008d600000| PB 0x000000008d600000| Untracked |  0
|  41|0x000000008d700000, 0x000000008d800000, 0x000000008d800000|100%| O|  |TAMS 0x000000008d700000| PB 0x000000008d700000| Untracked |  0
|  42|0x000000008d800000, 0x000000008d900000, 0x000000008d900000|100%| O|  |TAMS 0x000000008d800000| PB 0x000000008d800000| Untracked |  0
|  43|0x000000008d900000, 0x000000008da00000, 0x000000008da00000|100%| O|  |TAMS 0x000000008d900000| PB 0x000000008d900000| Untracked |  0
|  44|0x000000008da00000, 0x000000008db00000, 0x000000008db00000|100%| O|  |TAMS 0x000000008da00000| PB 0x000000008da00000| Untracked |  0
|  45|0x000000008db00000, 0x000000008dc00000, 0x000000008dc00000|100%| O|  |TAMS 0x000000008db00000| PB 0x000000008db00000| Untracked |  0
|  46|0x000000008dc00000, 0x000000008dd00000, 0x000000008dd00000|100%| O|  |TAMS 0x000000008dc00000| PB 0x000000008dc00000| Untracked |  0
|  47|0x000000008dd00000, 0x000000008de00000, 0x000000008de00000|100%| O|  |TAMS 0x000000008dd00000| PB 0x000000008dd00000| Untracked |  0
|  48|0x000000008de00000, 0x000000008df00000, 0x000000008df00000|100%| O|  |TAMS 0x000000008de00000| PB 0x000000008de00000| Untracked |  0
|  49|0x000000008df00000, 0x000000008e000000, 0x000000008e000000|100%| O|  |TAMS 0x000000008df00000| PB 0x000000008df00000| Untracked |  0
|  50|0x000000008e000000, 0x000000008e100000, 0x000000008e100000|100%| O|  |TAMS 0x000000008e000000| PB 0x000000008e000000| Untracked |  0
|  51|0x000000008e100000, 0x000000008e200000, 0x000000008e200000|100%| O|  |TAMS 0x000000008e100000| PB 0x000000008e100000| Untracked |  0
|  52|0x000000008e200000, 0x000000008e300000, 0x000000008e300000|100%| O|  |TAMS 0x000000008e200000| PB 0x000000008e200000| Untracked |  0
|  53|0x000000008e300000, 0x000000008e400000, 0x000000008e400000|100%| O|  |TAMS 0x000000008e300000| PB 0x000000008e300000| Untracked |  0
|  54|0x000000008e400000, 0x000000008e500000, 0x000000008e500000|100%| O|  |TAMS 0x000000008e400000| PB 0x000000008e400000| Untracked |  0
|  55|0x000000008e500000, 0x000000008e600000, 0x000000008e600000|100%| O|  |TAMS 0x000000008e500000| PB 0x000000008e500000| Untracked |  0
|  56|0x000000008e600000, 0x000000008e700000, 0x000000008e700000|100%| O|  |TAMS 0x000000008e600000| PB 0x000000008e600000| Untracked |  0
|  57|0x000000008e700000, 0x000000008e800000, 0x000000008e800000|100%| O|  |TAMS 0x000000008e700000| PB 0x000000008e700000| Untracked |  0
|  58|0x000000008e800000, 0x000000008e900000, 0x000000008e900000|100%| O|  |TAMS 0x000000008e800000| PB 0x000000008e800000| Untracked |  0
|  59|0x000000008e900000, 0x000000008ea00000, 0x000000008ea00000|100%| O|  |TAMS 0x000000008e900000| PB 0x000000008e900000| Untracked |  0
|  60|0x000000008ea00000, 0x000000008eb00000, 0x000000008eb00000|100%| O|  |TAMS 0x000000008ea00000| PB 0x000000008ea00000| Untracked |  0
|  61|0x000000008eb00000, 0x000000008ec00000, 0x000000008ec00000|100%| O|  |TAMS 0x000000008eb00000| PB 0x000000008eb00000| Untracked |  0
|  62|0x000000008ec00000, 0x000000008ed00000, 0x000000008ed00000|100%| O|  |TAMS 0x000000008ec00000| PB 0x000000008ec00000| Untracked |  0
|  63|0x000000008ed00000, 0x000000008ed00000, 0x000000008ee00000|  0%| F|  |TAMS 0x000000008ed00000| PB 0x000000008ed00000| Untracked |  0
|  64|0x000000008ee00000, 0x000000008ee00000, 0x000000008ef00000|  0%| F|  |TAMS 0x000000008ee00000| PB 0x000000008ee00000| Untracked |  0
|  65|0x000000008ef00000, 0x000000008ef00000, 0x000000008f000000|  0%| F|  |TAMS 0x000000008ef00000| PB 0x000000008ef00000| Untracked |  0
|  66|0x000000008f000000, 0x000000008f000000, 0x000000008f100000|  0%| F|  |TAMS 0x000000008f000000| PB 0x000000008f000000| Untracked |  0
|  67|0x000000008f100000, 0x000000008f100000, 0x000000008f200000|  0%| F|  |TAMS 0x000000008f100000| PB 0x000000008f100000| Untracked |  0
|  68|0x000000008f200000, 0x000000008f200000, 0x000000008f300000|  0%| F|  |TAMS 0x000000008f200000| PB 0x000000008f200000| Untracked |  0
|  69|0x000000008f300000, 0x000000008f300000, 0x000000008f400000|  0%| F|  |TAMS 0x000000008f300000| PB 0x000000008f300000| Untracked |  0
|  70|0x000000008f400000, 0x000000008f400000, 0x000000008f500000|  0%| F|  |TAMS 0x000000008f400000| PB 0x000000008f400000| Untracked |  0
|  71|0x000000008f500000, 0x000000008f500000, 0x000000008f600000|  0%| F|  |TAMS 0x000000008f500000| PB 0x000000008f500000| Untracked |  0
|  72|0x000000008f600000, 0x000000008f600000, 0x000000008f700000|  0%| F|  |TAMS 0x000000008f600000| PB 0x000000008f600000| Untracked |  0
|  73|0x000000008f700000, 0x000000008f700000, 0x000000008f800000|  0%| F|  |TAMS 0x000000008f700000| PB 0x000000008f700000| Untracked |  0
|  74|0x000000008f800000, 0x000000008f800000, 0x000000008f900000|  0%| F|  |TAMS 0x000000008f800000| PB 0x000000008f800000| Untracked |  0
|  75|0x000000008f900000, 0x000000008f900000, 0x000000008fa00000|  0%| F|  |TAMS 0x000000008f900000| PB 0x000000008f900000| Untracked |  0
|  76|0x000000008fa00000, 0x000000008fa00000, 0x000000008fb00000|  0%| F|  |TAMS 0x000000008fa00000| PB 0x000000008fa00000| Untracked |  0
|  77|0x000000008fb00000, 0x000000008fb00000, 0x000000008fc00000|  0%| F|  |TAMS 0x000000008fb00000| PB 0x000000008fb00000| Untracked |  0
|  78|0x000000008fc00000, 0x000000008fc00000, 0x000000008fd00000|  0%| F|  |TAMS 0x000000008fc00000| PB 0x000000008fc00000| Untracked |  0
|  79|0x000000008fd00000, 0x000000008fd00000, 0x000000008fe00000|  0%| F|  |TAMS 0x000000008fd00000| PB 0x000000008fd00000| Untracked |  0
|  80|0x000000008fe00000, 0x000000008fe00000, 0x000000008ff00000|  0%| F|  |TAMS 0x000000008fe00000| PB 0x000000008fe00000| Untracked |  0
|  81|0x000000008ff00000, 0x000000008ff00000, 0x0000000090000000|  0%| F|  |TAMS 0x000000008ff00000| PB 0x000000008ff00000| Untracked |  0
|  82|0x0000000090000000, 0x0000000090000000, 0x0000000090100000|  0%| F|  |TAMS 0x0000000090000000| PB 0x0000000090000000| Untracked |  0
|  83|0x0000000090100000, 0x0000000090100000, 0x0000000090200000|  0%| F|  |TAMS 0x0000000090100000| PB 0x0000000090100000| Untracked |  0
|  84|0x0000000090200000, 0x0000000090200000, 0x0000000090300000|  0%| F|  |TAMS 0x0000000090200000| PB 0x0000000090200000| Untracked |  0
|  85|0x0000000090300000, 0x0000000090300000, 0x0000000090400000|  0%| F|  |TAMS 0x0000000090300000| PB 0x0000000090300000| Untracked |  0
|  86|0x0000000090400000, 0x0000000090400000, 0x0000000090500000|  0%| F|  |TAMS 0x0000000090400000| PB 0x0000000090400000| Untracked |  0
|  87|0x0000000090500000, 0x0000000090500000, 0x0000000090600000|  0%| F|  |TAMS 0x0000000090500000| PB 0x0000000090500000| Untracked |  0
|  88|0x0000000090600000, 0x0000000090600000, 0x0000000090700000|  0%| F|  |TAMS 0x0000000090600000| PB 0x0000000090600000| Untracked |  0
|  89|0x0000000090700000, 0x0000000090700000, 0x0000000090800000|  0%| F|  |TAMS 0x0000000090700000| PB 0x0000000090700000| Untracked |  0
|  90|0x0000000090800000, 0x0000000090800000, 0x0000000090900000|  0%| F|  |TAMS 0x0000000090800000| PB 0x0000000090800000| Untracked |  0
|  91|0x0000000090900000, 0x0000000090900000, 0x0000000090a00000|  0%| F|  |TAMS 0x0000000090900000| PB 0x0000000090900000| Untracked |  0
|  92|0x0000000090a00000, 0x0000000090a00000, 0x0000000090b00000|  0%| F|  |TAMS 0x0000000090a00000| PB 0x0000000090a00000| Untracked |  0
|  93|0x0000000090b00000, 0x0000000090b00000, 0x0000000090c00000|  0%| F|  |TAMS 0x0000000090b00000| PB 0x0000000090b00000| Untracked |  0
|  94|0x0000000090c00000, 0x0000000090c00000, 0x0000000090d00000|  0%| F|  |TAMS 0x0000000090c00000| PB 0x0000000090c00000| Untracked |  0
|  95|0x0000000090d00000, 0x0000000090d00000, 0x0000000090e00000|  0%| F|  |TAMS 0x0000000090d00000| PB 0x0000000090d00000| Untracked |  0
|  96|0x0000000090e00000, 0x0000000090e00000, 0x0000000090f00000|  0%| F|  |TAMS 0x0000000090e00000| PB 0x0000000090e00000| Untracked |  0
|  97|0x0000000090f00000, 0x0000000090f00000, 0x0000000091000000|  0%| F|  |TAMS 0x0000000090f00000| PB 0x0000000090f00000| Untracked |  0
|  98|0x0000000091000000, 0x0000000091000000, 0x0000000091100000|  0%| F|  |TAMS 0x0000000091000000| PB 0x0000000091000000| Untracked |  0
|  99|0x0000000091100000, 0x0000000091100000, 0x0000000091200000|  0%| F|  |TAMS 0x0000000091100000| PB 0x0000000091100000| Untracked |  0
| 100|0x0000000091200000, 0x0000000091200000, 0x0000000091300000|  0%| F|  |TAMS 0x0000000091200000| PB 0x0000000091200000| Untracked |  0
| 101|0x0000000091300000, 0x0000000091300000, 0x0000000091400000|  0%| F|  |TAMS 0x0000000091300000| PB 0x0000000091300000| Untracked |  0
| 102|0x0000000091400000, 0x0000000091400000, 0x0000000091500000|  0%| F|  |TAMS 0x0000000091400000| PB 0x0000000091400000| Untracked |  0
| 103|0x0000000091500000, 0x0000000091500000, 0x0000000091600000|  0%| F|  |TAMS 0x0000000091500000| PB 0x0000000091500000| Untracked |  0
| 104|0x0000000091600000, 0x0000000091600000, 0x0000000091700000|  0%| F|  |TAMS 0x0000000091600000| PB 0x0000000091600000| Untracked |  0
| 105|0x0000000091700000, 0x0000000091700000, 0x0000000091800000|  0%| F|  |TAMS 0x0000000091700000| PB 0x0000000091700000| Untracked |  0
| 106|0x0000000091800000, 0x0000000091800000, 0x0000000091900000|  0%| F|  |TAMS 0x0000000091800000| PB 0x0000000091800000| Untracked |  0
| 107|0x0000000091900000, 0x0000000091900000, 0x0000000091a00000|  0%| F|  |TAMS 0x0000000091900000| PB 0x0000000091900000| Untracked |  0
| 108|0x0000000091a00000, 0x0000000091a00000, 0x0000000091b00000|  0%| F|  |TAMS 0x0000000091a00000| PB 0x0000000091a00000| Untracked |  0
| 109|0x0000000091b00000, 0x0000000091b00000, 0x0000000091c00000|  0%| F|  |TAMS 0x0000000091b00000| PB 0x0000000091b00000| Untracked |  0
| 110|0x0000000091c00000, 0x0000000091c00000, 0x0000000091d00000|  0%| F|  |TAMS 0x0000000091c00000| PB 0x0000000091c00000| Untracked |  0
| 111|0x0000000091d00000, 0x0000000091d00000, 0x0000000091e00000|  0%| F|  |TAMS 0x0000000091d00000| PB 0x0000000091d00000| Untracked |  0
| 112|0x0000000091e00000, 0x0000000091e00000, 0x0000000091f00000|  0%| F|  |TAMS 0x0000000091e00000| PB 0x0000000091e00000| Untracked |  0
| 113|0x0000000091f00000, 0x0000000091f00000, 0x0000000092000000|  0%| F|  |TAMS 0x0000000091f00000| PB 0x0000000091f00000| Untracked |  0
| 114|0x0000000092000000, 0x0000000092000000, 0x0000000092100000|  0%| F|  |TAMS 0x0000000092000000| PB 0x0000000092000000| Untracked |  0
| 115|0x0000000092100000, 0x0000000092100000, 0x0000000092200000|  0%| F|  |TAMS 0x0000000092100000| PB 0x0000000092100000| Untracked |  0
| 116|0x0000000092200000, 0x0000000092200000, 0x0000000092300000|  0%| F|  |TAMS 0x0000000092200000| PB 0x0000000092200000| Untracked |  0
| 117|0x0000000092300000, 0x0000000092300000, 0x0000000092400000|  0%| F|  |TAMS 0x0000000092300000| PB 0x0000000092300000| Untracked |  0
| 118|0x0000000092400000, 0x0000000092400000, 0x0000000092500000|  0%| F|  |TAMS 0x0000000092400000| PB 0x0000000092400000| Untracked |  0
| 119|0x0000000092500000, 0x0000000092500000, 0x0000000092600000|  0%| F|  |TAMS 0x0000000092500000| PB 0x0000000092500000| Untracked |  0
| 120|0x0000000092600000, 0x0000000092600000, 0x0000000092700000|  0%| F|  |TAMS 0x0000000092600000| PB 0x0000000092600000| Untracked |  0
| 121|0x0000000092700000, 0x00000000927e8b78, 0x0000000092800000| 90%| S|CS|TAMS 0x0000000092700000| PB 0x0000000092700000| Complete |  0
| 122|0x0000000092800000, 0x0000000092900000, 0x0000000092900000|100%| S|CS|TAMS 0x0000000092800000| PB 0x0000000092800000| Complete |  0
| 123|0x0000000092900000, 0x0000000092a00000, 0x0000000092a00000|100%| S|CS|TAMS 0x0000000092900000| PB 0x0000000092900000| Complete |  0
| 124|0x0000000092a00000, 0x0000000092b00000, 0x0000000092b00000|100%| S|CS|TAMS 0x0000000092a00000| PB 0x0000000092a00000| Complete |  0
| 125|0x0000000092b00000, 0x0000000092c00000, 0x0000000092c00000|100%| S|CS|TAMS 0x0000000092b00000| PB 0x0000000092b00000| Complete |  0
| 126|0x0000000092c00000, 0x0000000092d00000, 0x0000000092d00000|100%| S|CS|TAMS 0x0000000092c00000| PB 0x0000000092c00000| Complete |  0
| 127|0x0000000092d00000, 0x0000000092e00000, 0x0000000092e00000|100%| S|CS|TAMS 0x0000000092d00000| PB 0x0000000092d00000| Complete |  0
| 128|0x0000000092e00000, 0x0000000092f00000, 0x0000000092f00000|100%| S|CS|TAMS 0x0000000092e00000| PB 0x0000000092e00000| Complete |  0
| 129|0x0000000092f00000, 0x0000000093000000, 0x0000000093000000|100%| S|CS|TAMS 0x0000000092f00000| PB 0x0000000092f00000| Complete |  0
| 130|0x0000000093000000, 0x0000000093000000, 0x0000000093100000|  0%| F|  |TAMS 0x0000000093000000| PB 0x0000000093000000| Untracked |  0
| 131|0x0000000093100000, 0x0000000093100000, 0x0000000093200000|  0%| F|  |TAMS 0x0000000093100000| PB 0x0000000093100000| Untracked |  0
| 132|0x0000000093200000, 0x0000000093200000, 0x0000000093300000|  0%| F|  |TAMS 0x0000000093200000| PB 0x0000000093200000| Untracked |  0
| 133|0x0000000093300000, 0x0000000093300000, 0x0000000093400000|  0%| F|  |TAMS 0x0000000093300000| PB 0x0000000093300000| Untracked |  0
| 134|0x0000000093400000, 0x0000000093400000, 0x0000000093500000|  0%| F|  |TAMS 0x0000000093400000| PB 0x0000000093400000| Untracked |  0
| 135|0x0000000093500000, 0x0000000093500000, 0x0000000093600000|  0%| F|  |TAMS 0x0000000093500000| PB 0x0000000093500000| Untracked |  0
| 136|0x0000000093600000, 0x0000000093600000, 0x0000000093700000|  0%| F|  |TAMS 0x0000000093600000| PB 0x0000000093600000| Untracked |  0
| 137|0x0000000093700000, 0x0000000093700000, 0x0000000093800000|  0%| F|  |TAMS 0x0000000093700000| PB 0x0000000093700000| Untracked |  0
| 138|0x0000000093800000, 0x0000000093800000, 0x0000000093900000|  0%| F|  |TAMS 0x0000000093800000| PB 0x0000000093800000| Untracked |  0
| 139|0x0000000093900000, 0x0000000093900000, 0x0000000093a00000|  0%| F|  |TAMS 0x0000000093900000| PB 0x0000000093900000| Untracked |  0
| 140|0x0000000093a00000, 0x0000000093a00000, 0x0000000093b00000|  0%| F|  |TAMS 0x0000000093a00000| PB 0x0000000093a00000| Untracked |  0
| 141|0x0000000093b00000, 0x0000000093b00000, 0x0000000093c00000|  0%| F|  |TAMS 0x0000000093b00000| PB 0x0000000093b00000| Untracked |  0
| 142|0x0000000093c00000, 0x0000000093c00000, 0x0000000093d00000|  0%| F|  |TAMS 0x0000000093c00000| PB 0x0000000093c00000| Untracked |  0
| 143|0x0000000093d00000, 0x0000000093d00000, 0x0000000093e00000|  0%| F|  |TAMS 0x0000000093d00000| PB 0x0000000093d00000| Untracked |  0
| 144|0x0000000093e00000, 0x0000000093e00000, 0x0000000093f00000|  0%| F|  |TAMS 0x0000000093e00000| PB 0x0000000093e00000| Untracked |  0
| 145|0x0000000093f00000, 0x0000000093f00000, 0x0000000094000000|  0%| F|  |TAMS 0x0000000093f00000| PB 0x0000000093f00000| Untracked |  0
| 146|0x0000000094000000, 0x0000000094000000, 0x0000000094100000|  0%| F|  |TAMS 0x0000000094000000| PB 0x0000000094000000| Untracked |  0
| 147|0x0000000094100000, 0x0000000094100000, 0x0000000094200000|  0%| F|  |TAMS 0x0000000094100000| PB 0x0000000094100000| Untracked |  0
| 148|0x0000000094200000, 0x0000000094200000, 0x0000000094300000|  0%| F|  |TAMS 0x0000000094200000| PB 0x0000000094200000| Untracked |  0
| 149|0x0000000094300000, 0x0000000094300000, 0x0000000094400000|  0%| F|  |TAMS 0x0000000094300000| PB 0x0000000094300000| Untracked |  0
| 150|0x0000000094400000, 0x0000000094400000, 0x0000000094500000|  0%| F|  |TAMS 0x0000000094400000| PB 0x0000000094400000| Untracked |  0
| 151|0x0000000094500000, 0x0000000094580000, 0x0000000094600000| 50%| E|  |TAMS 0x0000000094500000| PB 0x0000000094500000| Complete |  0
| 152|0x0000000094600000, 0x0000000094700000, 0x0000000094700000|100%| E|CS|TAMS 0x0000000094600000| PB 0x0000000094600000| Complete |  0
| 153|0x0000000094700000, 0x0000000094800000, 0x0000000094800000|100%| E|CS|TAMS 0x0000000094700000| PB 0x0000000094700000| Complete |  0
| 154|0x0000000094800000, 0x0000000094900000, 0x0000000094900000|100%| E|CS|TAMS 0x0000000094800000| PB 0x0000000094800000| Complete |  0
| 155|0x0000000094900000, 0x0000000094a00000, 0x0000000094a00000|100%| E|CS|TAMS 0x0000000094900000| PB 0x0000000094900000| Complete |  0
| 156|0x0000000094a00000, 0x0000000094b00000, 0x0000000094b00000|100%| E|CS|TAMS 0x0000000094a00000| PB 0x0000000094a00000| Complete |  0
| 157|0x0000000094b00000, 0x0000000094c00000, 0x0000000094c00000|100%| E|CS|TAMS 0x0000000094b00000| PB 0x0000000094b00000| Complete |  0
| 158|0x0000000094c00000, 0x0000000094d00000, 0x0000000094d00000|100%| E|CS|TAMS 0x0000000094c00000| PB 0x0000000094c00000| Complete |  0
| 159|0x0000000094d00000, 0x0000000094e00000, 0x0000000094e00000|100%| E|CS|TAMS 0x0000000094d00000| PB 0x0000000094d00000| Complete |  0
| 160|0x0000000094e00000, 0x0000000094f00000, 0x0000000094f00000|100%| E|CS|TAMS 0x0000000094e00000| PB 0x0000000094e00000| Complete |  0
| 161|0x0000000094f00000, 0x0000000095000000, 0x0000000095000000|100%| E|CS|TAMS 0x0000000094f00000| PB 0x0000000094f00000| Complete |  0
| 162|0x0000000095000000, 0x0000000095100000, 0x0000000095100000|100%| E|CS|TAMS 0x0000000095000000| PB 0x0000000095000000| Complete |  0
| 163|0x0000000095100000, 0x0000000095200000, 0x0000000095200000|100%| E|CS|TAMS 0x0000000095100000| PB 0x0000000095100000| Complete |  0
| 164|0x0000000095200000, 0x0000000095300000, 0x0000000095300000|100%| E|CS|TAMS 0x0000000095200000| PB 0x0000000095200000| Complete |  0
| 165|0x0000000095300000, 0x0000000095400000, 0x0000000095400000|100%| E|CS|TAMS 0x0000000095300000| PB 0x0000000095300000| Complete |  0
| 166|0x0000000095400000, 0x0000000095500000, 0x0000000095500000|100%| E|CS|TAMS 0x0000000095400000| PB 0x0000000095400000| Complete |  0
| 167|0x0000000095500000, 0x0000000095600000, 0x0000000095600000|100%| E|CS|TAMS 0x0000000095500000| PB 0x0000000095500000| Complete |  0
| 168|0x0000000095600000, 0x0000000095700000, 0x0000000095700000|100%| E|CS|TAMS 0x0000000095600000| PB 0x0000000095600000| Complete |  0
| 169|0x0000000095700000, 0x0000000095800000, 0x0000000095800000|100%| E|CS|TAMS 0x0000000095700000| PB 0x0000000095700000| Complete |  0
| 170|0x0000000095800000, 0x0000000095900000, 0x0000000095900000|100%| E|CS|TAMS 0x0000000095800000| PB 0x0000000095800000| Complete |  0
| 171|0x0000000095900000, 0x0000000095a00000, 0x0000000095a00000|100%| E|CS|TAMS 0x0000000095900000| PB 0x0000000095900000| Complete |  0
| 172|0x0000000095a00000, 0x0000000095b00000, 0x0000000095b00000|100%| E|CS|TAMS 0x0000000095a00000| PB 0x0000000095a00000| Complete |  0
| 173|0x0000000095b00000, 0x0000000095c00000, 0x0000000095c00000|100%| E|CS|TAMS 0x0000000095b00000| PB 0x0000000095b00000| Complete |  0
| 174|0x0000000095c00000, 0x0000000095d00000, 0x0000000095d00000|100%| E|CS|TAMS 0x0000000095c00000| PB 0x0000000095c00000| Complete |  0
| 175|0x0000000095d00000, 0x0000000095e00000, 0x0000000095e00000|100%| E|CS|TAMS 0x0000000095d00000| PB 0x0000000095d00000| Complete |  0
| 176|0x0000000095e00000, 0x0000000095f00000, 0x0000000095f00000|100%| E|CS|TAMS 0x0000000095e00000| PB 0x0000000095e00000| Complete |  0
| 177|0x0000000095f00000, 0x0000000096000000, 0x0000000096000000|100%| E|CS|TAMS 0x0000000095f00000| PB 0x0000000095f00000| Complete |  0
| 178|0x0000000096000000, 0x0000000096100000, 0x0000000096100000|100%| E|CS|TAMS 0x0000000096000000| PB 0x0000000096000000| Complete |  0
| 179|0x0000000096100000, 0x0000000096200000, 0x0000000096200000|100%| E|CS|TAMS 0x0000000096100000| PB 0x0000000096100000| Complete |  0
| 180|0x0000000096200000, 0x0000000096300000, 0x0000000096300000|100%| E|CS|TAMS 0x0000000096200000| PB 0x0000000096200000| Complete |  0
| 181|0x0000000096300000, 0x0000000096400000, 0x0000000096400000|100%| E|CS|TAMS 0x0000000096300000| PB 0x0000000096300000| Complete |  0
| 182|0x0000000096400000, 0x0000000096500000, 0x0000000096500000|100%| E|CS|TAMS 0x0000000096400000| PB 0x0000000096400000| Complete |  0
| 183|0x0000000096500000, 0x0000000096600000, 0x0000000096600000|100%| E|CS|TAMS 0x0000000096500000| PB 0x0000000096500000| Complete |  0
| 184|0x0000000096600000, 0x0000000096700000, 0x0000000096700000|100%| E|CS|TAMS 0x0000000096600000| PB 0x0000000096600000| Complete |  0
| 185|0x0000000096700000, 0x0000000096800000, 0x0000000096800000|100%| E|CS|TAMS 0x0000000096700000| PB 0x0000000096700000| Complete |  0
| 186|0x0000000096800000, 0x0000000096900000, 0x0000000096900000|100%| E|CS|TAMS 0x0000000096800000| PB 0x0000000096800000| Complete |  0
| 187|0x0000000096900000, 0x0000000096a00000, 0x0000000096a00000|100%| E|CS|TAMS 0x0000000096900000| PB 0x0000000096900000| Complete |  0
| 188|0x0000000096a00000, 0x0000000096b00000, 0x0000000096b00000|100%| E|CS|TAMS 0x0000000096a00000| PB 0x0000000096a00000| Complete |  0
| 189|0x0000000096b00000, 0x0000000096c00000, 0x0000000096c00000|100%| E|CS|TAMS 0x0000000096b00000| PB 0x0000000096b00000| Complete |  0
| 190|0x0000000096c00000, 0x0000000096d00000, 0x0000000096d00000|100%| E|CS|TAMS 0x0000000096c00000| PB 0x0000000096c00000| Complete |  0
| 191|0x0000000096d00000, 0x0000000096e00000, 0x0000000096e00000|100%| E|CS|TAMS 0x0000000096d00000| PB 0x0000000096d00000| Complete |  0
| 192|0x0000000096e00000, 0x0000000096f00000, 0x0000000096f00000|100%| E|CS|TAMS 0x0000000096e00000| PB 0x0000000096e00000| Complete |  0
| 193|0x0000000096f00000, 0x0000000097000000, 0x0000000097000000|100%| E|CS|TAMS 0x0000000096f00000| PB 0x0000000096f00000| Complete |  0
| 194|0x0000000097000000, 0x0000000097100000, 0x0000000097100000|100%| E|CS|TAMS 0x0000000097000000| PB 0x0000000097000000| Complete |  0
| 195|0x0000000097100000, 0x0000000097200000, 0x0000000097200000|100%| E|CS|TAMS 0x0000000097100000| PB 0x0000000097100000| Complete |  0
| 196|0x0000000097200000, 0x0000000097300000, 0x0000000097300000|100%| E|CS|TAMS 0x0000000097200000| PB 0x0000000097200000| Complete |  0
| 197|0x0000000097300000, 0x0000000097400000, 0x0000000097400000|100%| E|CS|TAMS 0x0000000097300000| PB 0x0000000097300000| Complete |  0
| 198|0x0000000097400000, 0x0000000097500000, 0x0000000097500000|100%| E|CS|TAMS 0x0000000097400000| PB 0x0000000097400000| Complete |  0
| 199|0x0000000097500000, 0x0000000097600000, 0x0000000097600000|100%| E|CS|TAMS 0x0000000097500000| PB 0x0000000097500000| Complete |  0
| 200|0x0000000097600000, 0x0000000097700000, 0x0000000097700000|100%| E|CS|TAMS 0x0000000097600000| PB 0x0000000097600000| Complete |  0
| 201|0x0000000097700000, 0x0000000097800000, 0x0000000097800000|100%| E|CS|TAMS 0x0000000097700000| PB 0x0000000097700000| Complete |  0
| 202|0x0000000097800000, 0x0000000097900000, 0x0000000097900000|100%| E|CS|TAMS 0x0000000097800000| PB 0x0000000097800000| Complete |  0
| 203|0x0000000097900000, 0x0000000097a00000, 0x0000000097a00000|100%| E|CS|TAMS 0x0000000097900000| PB 0x0000000097900000| Complete |  0
| 204|0x0000000097a00000, 0x0000000097b00000, 0x0000000097b00000|100%| E|CS|TAMS 0x0000000097a00000| PB 0x0000000097a00000| Complete |  0
| 205|0x0000000097b00000, 0x0000000097c00000, 0x0000000097c00000|100%| E|CS|TAMS 0x0000000097b00000| PB 0x0000000097b00000| Complete |  0
| 206|0x0000000097c00000, 0x0000000097d00000, 0x0000000097d00000|100%| E|CS|TAMS 0x0000000097c00000| PB 0x0000000097c00000| Complete |  0
| 207|0x0000000097d00000, 0x0000000097e00000, 0x0000000097e00000|100%| E|CS|TAMS 0x0000000097d00000| PB 0x0000000097d00000| Complete |  0
| 208|0x0000000097e00000, 0x0000000097f00000, 0x0000000097f00000|100%| E|CS|TAMS 0x0000000097e00000| PB 0x0000000097e00000| Complete |  0
| 209|0x0000000097f00000, 0x0000000098000000, 0x0000000098000000|100%| E|CS|TAMS 0x0000000097f00000| PB 0x0000000097f00000| Complete |  0
| 210|0x0000000098000000, 0x0000000098100000, 0x0000000098100000|100%| E|CS|TAMS 0x0000000098000000| PB 0x0000000098000000| Complete |  0
| 211|0x0000000098100000, 0x0000000098200000, 0x0000000098200000|100%| E|CS|TAMS 0x0000000098100000| PB 0x0000000098100000| Complete |  0
| 212|0x0000000098200000, 0x0000000098300000, 0x0000000098300000|100%| E|CS|TAMS 0x0000000098200000| PB 0x0000000098200000| Complete |  0
| 213|0x0000000098300000, 0x0000000098400000, 0x0000000098400000|100%| E|CS|TAMS 0x0000000098300000| PB 0x0000000098300000| Complete |  0
| 214|0x0000000098400000, 0x0000000098500000, 0x0000000098500000|100%| E|CS|TAMS 0x0000000098400000| PB 0x0000000098400000| Complete |  0
| 215|0x0000000098500000, 0x0000000098600000, 0x0000000098600000|100%| E|CS|TAMS 0x0000000098500000| PB 0x0000000098500000| Complete |  0
| 216|0x0000000098600000, 0x0000000098700000, 0x0000000098700000|100%| E|CS|TAMS 0x0000000098600000| PB 0x0000000098600000| Complete |  0
| 217|0x0000000098700000, 0x0000000098800000, 0x0000000098800000|100%| E|CS|TAMS 0x0000000098700000| PB 0x0000000098700000| Complete |  0
| 218|0x0000000098800000, 0x0000000098900000, 0x0000000098900000|100%| E|CS|TAMS 0x0000000098800000| PB 0x0000000098800000| Complete |  0
| 219|0x0000000098900000, 0x0000000098a00000, 0x0000000098a00000|100%| E|CS|TAMS 0x0000000098900000| PB 0x0000000098900000| Complete |  0
| 220|0x0000000098a00000, 0x0000000098b00000, 0x0000000098b00000|100%| E|CS|TAMS 0x0000000098a00000| PB 0x0000000098a00000| Complete |  0
| 221|0x0000000098b00000, 0x0000000098c00000, 0x0000000098c00000|100%| E|CS|TAMS 0x0000000098b00000| PB 0x0000000098b00000| Complete |  0
| 222|0x0000000098c00000, 0x0000000098d00000, 0x0000000098d00000|100%| E|CS|TAMS 0x0000000098c00000| PB 0x0000000098c00000| Complete |  0
| 223|0x0000000098d00000, 0x0000000098e00000, 0x0000000098e00000|100%| E|CS|TAMS 0x0000000098d00000| PB 0x0000000098d00000| Complete |  0
| 224|0x0000000098e00000, 0x0000000098f00000, 0x0000000098f00000|100%| E|CS|TAMS 0x0000000098e00000| PB 0x0000000098e00000| Complete |  0
| 225|0x0000000098f00000, 0x0000000099000000, 0x0000000099000000|100%| E|CS|TAMS 0x0000000098f00000| PB 0x0000000098f00000| Complete |  0
| 226|0x0000000099000000, 0x0000000099100000, 0x0000000099100000|100%| E|CS|TAMS 0x0000000099000000| PB 0x0000000099000000| Complete |  0
| 227|0x0000000099100000, 0x0000000099200000, 0x0000000099200000|100%| E|CS|TAMS 0x0000000099100000| PB 0x0000000099100000| Complete |  0
| 228|0x0000000099200000, 0x0000000099300000, 0x0000000099300000|100%| E|CS|TAMS 0x0000000099200000| PB 0x0000000099200000| Complete |  0
| 229|0x0000000099300000, 0x0000000099400000, 0x0000000099400000|100%| E|CS|TAMS 0x0000000099300000| PB 0x0000000099300000| Complete |  0
| 230|0x0000000099400000, 0x0000000099500000, 0x0000000099500000|100%| E|CS|TAMS 0x0000000099400000| PB 0x0000000099400000| Complete |  0
| 231|0x0000000099500000, 0x0000000099600000, 0x0000000099600000|100%| E|CS|TAMS 0x0000000099500000| PB 0x0000000099500000| Complete |  0
| 232|0x0000000099600000, 0x0000000099700000, 0x0000000099700000|100%| E|CS|TAMS 0x0000000099600000| PB 0x0000000099600000| Complete |  0
| 233|0x0000000099700000, 0x0000000099800000, 0x0000000099800000|100%| E|CS|TAMS 0x0000000099700000| PB 0x0000000099700000| Complete |  0
|1868|0x00000000ffa00000, 0x00000000ffb00000, 0x00000000ffb00000|100%| O|  |TAMS 0x00000000ffa00000| PB 0x00000000ffa00000| Untracked |  0
|1869|0x00000000ffb00000, 0x00000000ffc00000, 0x00000000ffc00000|100%| O|  |TAMS 0x00000000ffb00000| PB 0x00000000ffb00000| Untracked |  0
|1870|0x00000000ffc00000, 0x00000000ffd00000, 0x00000000ffd00000|100%| O|  |TAMS 0x00000000ffc00000| PB 0x00000000ffc00000| Untracked |  0
|1871|0x00000000ffd00000, 0x00000000ffe00000, 0x00000000ffe00000|100%| O|  |TAMS 0x00000000ffd00000| PB 0x00000000ffd00000| Untracked |  0
|1872|0x00000000ffe00000, 0x00000000fff00000, 0x00000000fff00000|100%| O|  |TAMS 0x00000000ffe00000| PB 0x00000000ffe00000| Untracked |  0
|1873|0x00000000fff00000, 0x0000000100000000, 0x0000000100000000|100%| E|CS|TAMS 0x00000000fff00000| PB 0x00000000fff00000| Complete |  0

Card table byte_map: [0x00000124d09c0000,0x00000124d0d70000] _byte_map_base: 0x00000124d0569000

Marking Bits: (CMBitMap*) 0x00000124b87546a0
 Bits: [0x00000124d0d70000, 0x00000124d2ab8000)

Polling page: 0x00000124b6550000

Metaspace:

Usage:
  Non-class:     26.62 MB used.
      Class:      3.78 MB used.
       Both:     30.40 MB used.

Virtual space:
  Non-class space:       64.00 MB reserved,      26.75 MB ( 42%) committed,  1 nodes.
      Class space:        1.00 GB reserved,       3.88 MB ( <1%) committed,  1 nodes.
             Both:        1.06 GB reserved,      30.62 MB (  3%) committed. 

Chunk freelists:
   Non-Class:  4.33 MB
       Class:  12.14 MB
        Both:  16.47 MB

MaxMetaspaceSize: unlimited
CompressedClassSpaceSize: 1.00 GB
Initial GC threshold: 21.00 MB
Current GC threshold: 46.81 MB
CDS: on
 - commit_granule_bytes: 65536.
 - commit_granule_words: 8192.
 - virtual_space_node_default_size: 8388608.
 - enlarge_chunks_in_place: 1.
UseCompressedClassPointers 1, UseCompactObjectHeaders 0
Narrow klass pointer bits 32, Max shift 3
Narrow klass base: 0x00000124d6000000, Narrow klass shift: 0
Encoding Range: [0x00000124d6000000 - 0x00000125d6000000), (4294967296 bytes)
Klass Range:    [0x00000124d6000000 - 0x0000012517000000), (1090519040 bytes)
Klass ID Range:  [8 - 1090519033) (1090519025)


Internal statistics:

num_allocs_failed_limit: 3.
num_arena_births: 270.
num_arena_deaths: 0.
num_vsnodes_births: 2.
num_vsnodes_deaths: 0.
num_space_committed: 490.
num_space_uncommitted: 0.
num_chunks_returned_to_freelist: 3.
num_chunks_taken_from_freelist: 1313.
num_chunk_merges: 3.
num_chunk_splits: 974.
num_chunks_enlarged: 820.
num_inconsistent_stats: 0.

CodeHeap 'non-profiled nmethods': size=120064Kb used=2875Kb max_used=2875Kb free=117188Kb
 bounds [0x00000124c8a60000, 0x00000124c8d30000, 0x00000124cffa0000]
CodeHeap 'profiled nmethods': size=120000Kb used=12647Kb max_used=12647Kb free=107352Kb
 bounds [0x00000124c0fa0000, 0x00000124c1c00000, 0x00000124c84d0000]
CodeHeap 'non-nmethods': size=5696Kb used=1741Kb max_used=1859Kb free=3954Kb
 bounds [0x00000124c84d0000, 0x00000124c8740000, 0x00000124c8a60000]
CodeCache: size=245760Kb, used=17263Kb, max_used=17381Kb, free=228494Kb
 total_blobs=8172, nmethods=7286, adapters=787, full_count=0
Compilation: enabled, stopped_count=0, restarted_count=0

Compilation events (20 events):
Event: 40.145 Thread 0x00000124d5753810 8137       3       com.sun.javafx.event.CompositeEventDispatcher::dispatchBubblingEvent (35 bytes)
Event: 40.146 Thread 0x00000124d5753810 nmethod 8137 0x00000124c1bdef88 code [0x00000124c1bdf0e0, 0x00000124c1bdf5a0]
Event: 40.167 Thread 0x00000124d5753810 8138       3       javafx.scene.input.MouseEvent::copyFor (7 bytes)
Event: 40.167 Thread 0x00000124d5753810 nmethod 8138 0x00000124c1bdf608 code [0x00000124c1bdf720, 0x00000124c1bdf8e8]
Event: 40.202 Thread 0x00000124d5753810 8139       1       com.sun.glass.ui.Screen::getX (5 bytes)
Event: 40.202 Thread 0x00000124d5753810 nmethod 8139 0x00000124c8d2bc88 code [0x00000124c8d2bd80, 0x00000124c8d2be48]
Event: 40.202 Thread 0x00000124d5753810 8140       1       com.sun.glass.ui.Screen::getY (5 bytes)
Event: 40.202 Thread 0x00000124d5753810 nmethod 8140 0x00000124c8d2bf88 code [0x00000124c8d2c080, 0x00000124c8d2c148]
Event: 40.237 Thread 0x00000124d5753810 8141       1       com.sun.glass.ui.Screen::getPlatformX (5 bytes)
Event: 40.237 Thread 0x00000124d5753810 nmethod 8141 0x00000124c8d2c288 code [0x00000124c8d2c380, 0x00000124c8d2c448]
Event: 40.237 Thread 0x00000124d5753810 8142       1       com.sun.glass.ui.Screen::getPlatformY (5 bytes)
Event: 40.237 Thread 0x00000124d5753810 nmethod 8142 0x00000124c8d2c588 code [0x00000124c8d2c680, 0x00000124c8d2c748]
Event: 40.251 Thread 0x00000124d5753810 8144       3       javafx.scene.input.MouseEvent::<init> (45 bytes)
Event: 40.252 Thread 0x00000124d5753810 nmethod 8144 0x00000124c1bdf908 code [0x00000124c1bdfa20, 0x00000124c1bdfc58]
Event: 40.252 Thread 0x00000124d5753810 8143       1       com.sun.javafx.tk.quantum.GlassScene::getStage (5 bytes)
Event: 40.252 Thread 0x00000124d5753810 nmethod 8143 0x00000124c8d2c888 code [0x00000124c8d2c980, 0x00000124c8d2ca48]
Event: 40.259 Thread 0x00000124d5753810 8145       1       javafx.scene.input.MouseEvent::getPickResult (5 bytes)
Event: 40.259 Thread 0x00000124d5753810 nmethod 8145 0x00000124c8d2cb88 code [0x00000124c8d2cc80, 0x00000124c8d2cd48]
Event: 40.279 Thread 0x00000124d5753810 8146       3       com.sun.glass.ui.View::getWindow (8 bytes)
Event: 41.034 Thread 0x00000124d5753810 nmethod 8146 0x00000124c1bdfc88 code [0x00000124c1bdfde0, 0x00000124c1be01a0]

GC Heap History (20 events):
Event: 16.422 GC heap before
{Heap before GC invocations=14 (full 0):
 garbage-first heap   total reserved 1918976K, committed 106496K, used 88669K [0x000000008ae00000, 0x0000000100000000)
  region size 1024K, 26 young (26624K), 4 survivors (4096K)
 Metaspace       used 28021K, committed 28288K, reserved 1114112K
  class space    used 3543K, committed 3648K, reserved 1048576K
}
Event: 16.453 GC heap after
{Heap after GC invocations=15 (full 0):
 garbage-first heap   total reserved 1918976K, committed 106496K, used 65943K [0x000000008ae00000, 0x0000000100000000)
  region size 1024K, 1 young (1024K), 1 survivors (1024K)
 Metaspace       used 28021K, committed 28288K, reserved 1114112K
  class space    used 3543K, committed 3648K, reserved 1048576K
}
Event: 16.651 GC heap before
{Heap before GC invocations=15 (full 0):
 garbage-first heap   total reserved 1918976K, committed 106496K, used 89495K [0x000000008ae00000, 0x0000000100000000)
  region size 1024K, 25 young (25600K), 1 survivors (1024K)
 Metaspace       used 28325K, committed 28608K, reserved 1114112K
  class space    used 3582K, committed 3712K, reserved 1048576K
}
Event: 16.655 GC heap after
{Heap after GC invocations=16 (full 0):
 garbage-first heap   total reserved 1918976K, committed 106496K, used 67002K [0x000000008ae00000, 0x0000000100000000)
  region size 1024K, 2 young (2048K), 2 survivors (2048K)
 Metaspace       used 28325K, committed 28608K, reserved 1114112K
  class space    used 3582K, committed 3712K, reserved 1048576K
}
Event: 16.930 GC heap before
{Heap before GC invocations=17 (full 0):
 garbage-first heap   total reserved 1918976K, committed 114688K, used 91578K [0x000000008ae00000, 0x0000000100000000)
  region size 1024K, 26 young (26624K), 2 survivors (2048K)
 Metaspace       used 28563K, committed 28800K, reserved 1114112K
  class space    used 3616K, committed 3712K, reserved 1048576K
}
Event: 16.934 GC heap after
{Heap after GC invocations=18 (full 0):
 garbage-first heap   total reserved 1918976K, committed 114688K, used 67673K [0x000000008ae00000, 0x0000000100000000)
  region size 1024K, 3 young (3072K), 3 survivors (3072K)
 Metaspace       used 28563K, committed 28800K, reserved 1114112K
  class space    used 3616K, committed 3712K, reserved 1048576K
}
Event: 17.424 GC heap before
{Heap before GC invocations=18 (full 0):
 garbage-first heap   total reserved 1918976K, committed 114688K, used 98393K [0x000000008ae00000, 0x0000000100000000)
  region size 1024K, 33 young (33792K), 3 survivors (3072K)
 Metaspace       used 29442K, committed 29696K, reserved 1114112K
  class space    used 3703K, committed 3840K, reserved 1048576K
}
Event: 17.432 GC heap after
{Heap after GC invocations=19 (full 0):
 garbage-first heap   total reserved 1918976K, committed 181248K, used 69650K [0x000000008ae00000, 0x0000000100000000)
  region size 1024K, 5 young (5120K), 5 survivors (5120K)
 Metaspace       used 29442K, committed 29696K, reserved 1114112K
  class space    used 3703K, committed 3840K, reserved 1048576K
}
Event: 18.242 GC heap before
{Heap before GC invocations=19 (full 0):
 garbage-first heap   total reserved 1918976K, committed 181248K, used 144402K [0x000000008ae00000, 0x0000000100000000)
  region size 1024K, 78 young (79872K), 5 survivors (5120K)
 Metaspace       used 29706K, committed 29952K, reserved 1114112K
  class space    used 3712K, committed 3840K, reserved 1048576K
}
Event: 18.349 GC heap after
{Heap after GC invocations=20 (full 0):
 garbage-first heap   total reserved 1918976K, committed 181248K, used 69931K [0x000000008ae00000, 0x0000000100000000)
  region size 1024K, 5 young (5120K), 5 survivors (5120K)
 Metaspace       used 29706K, committed 29952K, reserved 1114112K
  class space    used 3712K, committed 3840K, reserved 1048576K
}
Event: 18.723 GC heap before
{Heap before GC invocations=20 (full 0):
 garbage-first heap   total reserved 1918976K, committed 181248K, used 140587K [0x000000008ae00000, 0x0000000100000000)
  region size 1024K, 74 young (75776K), 5 survivors (5120K)
 Metaspace       used 29785K, committed 30016K, reserved 1114112K
  class space    used 3715K, committed 3840K, reserved 1048576K
}
Event: 18.730 GC heap after
{Heap after GC invocations=21 (full 0):
 garbage-first heap   total reserved 1918976K, committed 181248K, used 70223K [0x000000008ae00000, 0x0000000100000000)
  region size 1024K, 6 young (6144K), 6 survivors (6144K)
 Metaspace       used 29785K, committed 30016K, reserved 1114112K
  class space    used 3715K, committed 3840K, reserved 1048576K
}
Event: 19.168 GC heap before
{Heap before GC invocations=21 (full 0):
 garbage-first heap   total reserved 1918976K, committed 181248K, used 148047K [0x000000008ae00000, 0x0000000100000000)
  region size 1024K, 82 young (83968K), 6 survivors (6144K)
 Metaspace       used 29849K, committed 30080K, reserved 1114112K
  class space    used 3716K, committed 3840K, reserved 1048576K
}
Event: 19.174 GC heap after
{Heap after GC invocations=22 (full 0):
 garbage-first heap   total reserved 1918976K, committed 181248K, used 70244K [0x000000008ae00000, 0x0000000100000000)
  region size 1024K, 6 young (6144K), 6 survivors (6144K)
 Metaspace       used 29849K, committed 30080K, reserved 1114112K
  class space    used 3716K, committed 3840K, reserved 1048576K
}
Event: 20.079 GC heap before
{Heap before GC invocations=22 (full 0):
 garbage-first heap   total reserved 1918976K, committed 181248K, used 150116K [0x000000008ae00000, 0x0000000100000000)
  region size 1024K, 84 young (86016K), 6 survivors (6144K)
 Metaspace       used 30016K, committed 30272K, reserved 1114112K
  class space    used 3725K, committed 3840K, reserved 1048576K
}
Event: 20.094 GC heap after
{Heap after GC invocations=23 (full 0):
 garbage-first heap   total reserved 1918976K, committed 181248K, used 73335K [0x000000008ae00000, 0x0000000100000000)
  region size 1024K, 9 young (9216K), 9 survivors (9216K)
 Metaspace       used 30016K, committed 30272K, reserved 1114112K
  class space    used 3725K, committed 3840K, reserved 1048576K
}
Event: 21.473 GC heap before
{Heap before GC invocations=23 (full 0):
 garbage-first heap   total reserved 1918976K, committed 181248K, used 154231K [0x000000008ae00000, 0x0000000100000000)
  region size 1024K, 88 young (90112K), 9 survivors (9216K)
 Metaspace       used 30163K, committed 30464K, reserved 1114112K
  class space    used 3745K, committed 3904K, reserved 1048576K
}
Event: 21.500 GC heap after
{Heap after GC invocations=24 (full 0):
 garbage-first heap   total reserved 1918976K, committed 245760K, used 78211K [0x000000008ae00000, 0x0000000100000000)
  region size 1024K, 11 young (11264K), 11 survivors (11264K)
 Metaspace       used 30163K, committed 30464K, reserved 1114112K
  class space    used 3745K, committed 3904K, reserved 1048576K
}
Event: 22.918 GC heap before
{Heap before GC invocations=24 (full 0):
 garbage-first heap   total reserved 1918976K, committed 245760K, used 185731K [0x000000008ae00000, 0x0000000100000000)
  region size 1024K, 116 young (118784K), 11 survivors (11264K)
 Metaspace       used 30271K, committed 30592K, reserved 1114112K
  class space    used 3757K, committed 3904K, reserved 1048576K
}
Event: 22.943 GC heap after
{Heap after GC invocations=25 (full 0):
 garbage-first heap   total reserved 1918976K, committed 245760K, used 78754K [0x000000008ae00000, 0x0000000100000000)
  region size 1024K, 9 young (9216K), 9 survivors (9216K)
 Metaspace       used 30271K, committed 30592K, reserved 1114112K
  class space    used 3757K, committed 3904K, reserved 1048576K
}

Dll operation events (20 events):
Event: 1.048 Loaded shared library C:\Users\abhisek raj\.openjfx\cache\21.0.6+3\amd64\api-ms-win-crt-locale-l1-1-0.dll
Event: 1.054 Loaded shared library C:\Users\abhisek raj\.openjfx\cache\21.0.6+3\amd64\api-ms-win-crt-math-l1-1-0.dll
Event: 1.061 Loaded shared library C:\Users\abhisek raj\.openjfx\cache\21.0.6+3\amd64\api-ms-win-crt-multibyte-l1-1-0.dll
Event: 1.067 Loaded shared library C:\Users\abhisek raj\.openjfx\cache\21.0.6+3\amd64\api-ms-win-crt-private-l1-1-0.dll
Event: 1.072 Loaded shared library C:\Users\abhisek raj\.openjfx\cache\21.0.6+3\amd64\api-ms-win-crt-process-l1-1-0.dll
Event: 1.078 Loaded shared library C:\Users\abhisek raj\.openjfx\cache\21.0.6+3\amd64\api-ms-win-crt-runtime-l1-1-0.dll
Event: 1.085 Loaded shared library C:\Users\abhisek raj\.openjfx\cache\21.0.6+3\amd64\api-ms-win-crt-stdio-l1-1-0.dll
Event: 1.090 Loaded shared library C:\Users\abhisek raj\.openjfx\cache\21.0.6+3\amd64\api-ms-win-crt-string-l1-1-0.dll
Event: 1.095 Loaded shared library C:\Users\abhisek raj\.openjfx\cache\21.0.6+3\amd64\api-ms-win-crt-time-l1-1-0.dll
Event: 1.101 Loaded shared library C:\Users\abhisek raj\.openjfx\cache\21.0.6+3\amd64\api-ms-win-crt-utility-l1-1-0.dll
Event: 1.124 Loaded shared library C:\Users\abhisek raj\.openjfx\cache\21.0.6+3\amd64\ucrtbase.dll
Event: 1.133 Loaded shared library C:\Users\abhisek raj\.openjfx\cache\21.0.6+3\amd64\vcruntime140.dll
Event: 1.140 Loaded shared library C:\Users\abhisek raj\.openjfx\cache\21.0.6+3\amd64\vcruntime140_1.dll
Event: 1.158 Loaded shared library C:\Users\abhisek raj\.openjfx\cache\21.0.6+3\amd64\msvcp140.dll
Event: 1.164 Loaded shared library C:\Users\abhisek raj\.openjfx\cache\21.0.6+3\amd64\msvcp140_1.dll
Event: 1.176 Loaded shared library C:\Users\abhisek raj\.openjfx\cache\21.0.6+3\amd64\msvcp140_2.dll
Event: 1.261 Loaded shared library C:\Users\abhisek raj\.openjfx\cache\21.0.6+3\amd64\prism_d3d.dll
Event: 1.405 Loaded shared library C:\Users\abhisek raj\.openjfx\cache\21.0.6+3\amd64\glass.dll
Event: 1.702 Loaded shared library C:\Program Files\Java\jdk-24\bin\jimage.dll
Event: 1.749 Loaded shared library C:\Users\abhisek raj\.openjfx\cache\21.0.6+3\amd64\javafx_font.dll

Deoptimization events (20 events):
Event: 23.947 Thread 0x000001251bb2b7a0 DEOPT PACKING pc=0x00000124c8c6ab14 sp=0x000000024a3fdb00
Event: 23.947 Thread 0x000001251bb2b7a0 DEOPT UNPACKING pc=0x00000124c85e4102 sp=0x000000024a3fda98 mode 2
Event: 26.004 Thread 0x000001251bb2b7a0 DEOPT PACKING pc=0x00000124c1b65e66 sp=0x000000024a3fd9c0
Event: 26.005 Thread 0x000001251bb2b7a0 DEOPT UNPACKING pc=0x00000124c8525722 sp=0x000000024a3fcec8 mode 0
Event: 39.169 Thread 0x000001251bb2b7a0 Uncommon trap: trap_request=0xffffff4d fr.pc=0x00000124c8b52d1c relative=0x00000000000001fc
Event: 39.169 Thread 0x000001251bb2b7a0 Uncommon trap: reason=unstable_if action=reinterpret pc=0x00000124c8b52d1c method=java.lang.String.startsWith(Ljava/lang/String;I)Z @ 50 c2
Event: 39.170 Thread 0x000001251bb2b7a0 DEOPT PACKING pc=0x00000124c8b52d1c sp=0x000000024a3fdab0
Event: 39.171 Thread 0x000001251bb2b7a0 DEOPT UNPACKING pc=0x00000124c85e4102 sp=0x000000024a3fda38 mode 2
Event: 39.179 Thread 0x000001251bb2b7a0 Uncommon trap: trap_request=0xffffff76 fr.pc=0x00000124c8c750b0 relative=0x0000000000000e50
Event: 39.179 Thread 0x000001251bb2b7a0 Uncommon trap: reason=predicate action=maybe_recompile pc=0x00000124c8c750b0 method=java.util.TimSort.countRunAndMakeAscending([Ljava/lang/Object;IILjava/util/Comparator;)I @ 95 c2
Event: 39.179 Thread 0x000001251bb2b7a0 DEOPT PACKING pc=0x00000124c8c750b0 sp=0x000000024a3fda40
Event: 39.179 Thread 0x000001251bb2b7a0 DEOPT UNPACKING pc=0x00000124c85e4102 sp=0x000000024a3fd9e0 mode 2
Event: 39.181 Thread 0x000001251bb2b7a0 Uncommon trap: trap_request=0xffffff76 fr.pc=0x00000124c8c76710 relative=0x0000000000000790
Event: 39.181 Thread 0x000001251bb2b7a0 Uncommon trap: reason=predicate action=maybe_recompile pc=0x00000124c8c76710 method=java.util.TimSort.binarySort([Ljava/lang/Object;IIILjava/util/Comparator;)V @ 73 c2
Event: 39.181 Thread 0x000001251bb2b7a0 DEOPT PACKING pc=0x00000124c8c76710 sp=0x000000024a3fda10
Event: 39.181 Thread 0x000001251bb2b7a0 DEOPT UNPACKING pc=0x00000124c85e4102 sp=0x000000024a3fd9c0 mode 2
Event: 40.012 Thread 0x000001251bb2b7a0 Uncommon trap: trap_request=0xffffff4d fr.pc=0x00000124c8b81024 relative=0x00000000000004c4
Event: 40.013 Thread 0x000001251bb2b7a0 Uncommon trap: reason=unstable_if action=reinterpret pc=0x00000124c8b81024 method=javafx.scene.Node.updateBounds()V @ 27 c2
Event: 40.013 Thread 0x000001251bb2b7a0 DEOPT PACKING pc=0x00000124c8b81024 sp=0x000000024a3fe6d0
Event: 40.013 Thread 0x000001251bb2b7a0 DEOPT UNPACKING pc=0x00000124c85e4102 sp=0x000000024a3fe660 mode 2

Classes loaded (20 events):
Event: 23.871 Loading class sun/nio/fs/WindowsChannelFactory$2
Event: 23.872 Loading class sun/nio/fs/WindowsChannelFactory$2 done
Event: 23.874 Loading class java/util/stream/Streams$1
Event: 23.875 Loading class java/util/stream/Streams$1 done
Event: 23.876 Loading class java/nio/file/FileChannelLinesSpliterator$1
Event: 23.877 Loading class java/nio/file/FileChannelLinesSpliterator$1 done
Event: 23.886 Loading class java/util/stream/Nodes$FixedNodeBuilder
Event: 23.887 Loading class java/util/stream/Nodes$ArrayNode
Event: 23.888 Loading class java/util/stream/Nodes$ArrayNode done
Event: 23.888 Loading class java/util/stream/Nodes$FixedNodeBuilder done
Event: 23.892 Loading class java/util/stream/SortedOps$SizedRefSortingSink
Event: 23.893 Loading class java/util/stream/SortedOps$SizedRefSortingSink done
Event: 25.666 Loading class java/nio/charset/MalformedInputException
Event: 25.667 Loading class java/nio/charset/MalformedInputException done
Event: 25.669 Loading class java/io/UncheckedIOException
Event: 25.671 Loading class java/io/UncheckedIOException done
Event: 39.817 Loading class java/nio/file/PathMatcher
Event: 39.819 Loading class java/nio/file/PathMatcher done
Event: 39.854 Loading class java/util/zip/CheckedInputStream
Event: 39.857 Loading class java/util/zip/CheckedInputStream done

Classes unloaded (0 events):
No events

Classes redefined (0 events):
No events

Internal exceptions (20 events):
Event: 16.483 Thread 0x000001251bb2b7a0 Exception <a 'java/lang/NoSuchMethodError'{0x00000000923978e0}: 'java.lang.Object java.lang.invoke.Invokers$Holder.linkToTargetMethod(java.lang.Object, java.lang.Object, int, java.lang.Object, java.lang.Object)'> (0x00000000923978e0) 
thrown [s\open\src\hotspot\share\interpreter\linkResolver.cpp, line 805]
Event: 16.484 Thread 0x000001251bb2b7a0 Exception <a 'java/lang/IncompatibleClassChangeError'{0x00000000923a77a0}: Found class java.lang.Object, but interface was expected> (0x00000000923a77a0) 
thrown [s\open\src\hotspot\share\interpreter\linkResolver.cpp, line 872]
Event: 16.485 Thread 0x000001251bb2b7a0 Exception <a 'java/lang/NoSuchMethodError'{0x00000000923afaa8}: 'int java.lang.invoke.DirectMethodHandle$Holder.invokeStatic(java.lang.Object, java.lang.Object, java.lang.Object, java.lang.Object)'> (0x00000000923afaa8) 
thrown [s\open\src\hotspot\share\interpreter\linkResolver.cpp, line 805]
Event: 16.487 Thread 0x000001251bb2b7a0 Exception <a 'java/lang/NoSuchMethodError'{0x00000000923d0778}: 'java.lang.Object java.lang.invoke.DirectMethodHandle$Holder.newInvokeSpecial(java.lang.Object, java.lang.Object, java.lang.Object, java.lang.Object, int)'> (0x00000000923d0778) 
thrown [s\open\src\hotspot\share\interpreter\linkResolver.cpp, line 805]
Event: 16.487 Thread 0x000001251bb2b7a0 Exception <a 'java/lang/NoSuchMethodError'{0x00000000923d9470}: 'java.lang.Object java.lang.invoke.DirectMethodHandle$Holder.invokeSpecial(java.lang.Object, java.lang.Object, java.lang.Object, java.lang.Object, java.lang.Object, int)'> (0x00000000923d9470) 
thrown [s\open\src\hotspot\share\interpreter\linkResolver.cpp, line 805]
Event: 16.488 Thread 0x000001251bb2b7a0 Exception <a 'java/lang/NoSuchMethodError'{0x00000000923e3310}: 'java.lang.Object java.lang.invoke.Invokers$Holder.linkToTargetMethod(java.lang.Object, java.lang.Object, java.lang.Object, int, java.lang.Object)'> (0x00000000923e3310) 
thrown [s\open\src\hotspot\share\interpreter\linkResolver.cpp, line 805]
Event: 16.596 Thread 0x000001251bb2b7a0 Exception <a 'java/lang/IncompatibleClassChangeError'{0x0000000090221e80}: Found class java.lang.Object, but interface was expected> (0x0000000090221e80) 
thrown [s\open\src\hotspot\share\interpreter\linkResolver.cpp, line 872]
Event: 16.725 Thread 0x000001251bb2b7a0 Exception <a 'java/lang/NoSuchMethodError'{0x0000000090e0dec8}: 'void java.lang.invoke.DirectMethodHandle$Holder.invokeStatic(java.lang.Object, java.lang.Object, java.lang.Object, java.lang.Object, java.lang.Object, java.lang.Object, java.lang.Object)'> (0x0000000090e0dec8) 
thrown [s\open\src\hotspot\share\interpreter\linkResolver.cpp, line 805]
Event: 21.014 Thread 0x000001251bb2b7a0 Exception <a 'java/lang/NoSuchMethodError'{0x0000000092219af0}: 'java.lang.Object java.lang.invoke.DirectMethodHandle$Holder.invokeStatic(java.lang.Object, java.lang.Object, int)'> (0x0000000092219af0) 
thrown [s\open\src\hotspot\share\interpreter\linkResolver.cpp, line 805]
Event: 21.024 Thread 0x000001251bb2b7a0 Exception <a 'java/lang/NoSuchMethodError'{0x0000000092249118}: 'java.lang.Object java.lang.invoke.DirectMethodHandle$Holder.invokeStatic(java.lang.Object, int, java.lang.Object)'> (0x0000000092249118) 
thrown [s\open\src\hotspot\share\interpreter\linkResolver.cpp, line 805]
Event: 23.440 Thread 0x000001251bb2b7a0 Exception <a 'java/lang/NoSuchMethodError'{0x0000000097bad180}: 'java.lang.Object java.lang.invoke.DirectMethodHandle$Holder.newInvokeSpecial(java.lang.Object, java.lang.Object, java.lang.Object, java.lang.Object, java.lang.Object, java.lang.Object, java.lang.Object, java.lang.Object)'> (0x0000000097bad180) 
thrown [s\open\src\hotspot\share\interpreter\linkResolver.cpp, line 805]
Event: 23.690 Thread 0x000001251bb2b7a0 Exception <a 'java/lang/NoSuchMethodError'{0x0000000096b47460}: 'java.lang.Object java.lang.invoke.DirectMethodHandle$Holder.invokeStaticInit(java.lang.Object, java.lang.Object, java.lang.Object, java.lang.Object, java.lang.Object, java.lang.Object, java.lang.Object)'> (0x0000000096b47460) 
thrown [s\open\src\hotspot\share\interpreter\linkResolver.cpp, line 805]
Event: 23.695 Thread 0x000001251bb2b7a0 Exception <a 'java/lang/NoSuchMethodError'{0x0000000096b59c80}: 'int java.lang.invoke.DirectMethodHandle$Holder.invokeStaticInit(java.lang.Object, int, int)'> (0x0000000096b59c80) 
thrown [s\open\src\hotspot\share\interpreter\linkResolver.cpp, line 805]
Event: 23.696 Thread 0x000001251bb2b7a0 Exception <a 'java/lang/NoSuchMethodError'{0x0000000096b6a248}: 'int java.lang.invoke.DirectMethodHandle$Holder.invokeStaticInit(java.lang.Object, long, long)'> (0x0000000096b6a248) 
thrown [s\open\src\hotspot\share\interpreter\linkResolver.cpp, line 805]
Event: 23.698 Thread 0x000001251bb2b7a0 Exception <a 'java/lang/NoSuchMethodError'{0x0000000096b7a180}: 'int java.lang.invoke.DirectMethodHandle$Holder.invokeStaticInit(java.lang.Object, float, float)'> (0x0000000096b7a180) 
thrown [s\open\src\hotspot\share\interpreter\linkResolver.cpp, line 805]
Event: 23.699 Thread 0x000001251bb2b7a0 Exception <a 'java/lang/NoSuchMethodError'{0x0000000096b8a868}: 'int java.lang.invoke.DirectMethodHandle$Holder.invokeStaticInit(java.lang.Object, double, double)'> (0x0000000096b8a868) 
thrown [s\open\src\hotspot\share\interpreter\linkResolver.cpp, line 805]
Event: 23.700 Thread 0x000001251bb2b7a0 Exception <a 'java/lang/NoSuchMethodError'{0x0000000096b93490}: 'int java.lang.invoke.DirectMethodHandle$Holder.invokeStatic(java.lang.Object, long)'> (0x0000000096b93490) 
thrown [s\open\src\hotspot\share\interpreter\linkResolver.cpp, line 805]
Event: 23.702 Thread 0x000001251bb2b7a0 Exception <a 'java/lang/NoSuchMethodError'{0x0000000096babcf8}: 'java.lang.Object java.lang.invoke.DirectMethodHandle$Holder.invokeStatic(java.lang.Object, long)'> (0x0000000096babcf8) 
thrown [s\open\src\hotspot\share\interpreter\linkResolver.cpp, line 805]
Event: 23.702 Thread 0x000001251bb2b7a0 Exception <a 'java/lang/NoSuchMethodError'{0x0000000096bb3ea0}: 'java.lang.Object java.lang.invoke.DirectMethodHandle$Holder.invokeStatic(java.lang.Object, float)'> (0x0000000096bb3ea0) 
thrown [s\open\src\hotspot\share\interpreter\linkResolver.cpp, line 805]
Event: 23.708 Thread 0x000001251bb2b7a0 Exception <a 'java/lang/NoSuchMethodError'{0x0000000096bebd30}: 'int java.lang.invoke.Invokers$Holder.linkToTargetMethod(java.lang.Object, java.lang.Object)'> (0x0000000096bebd30) 
thrown [s\open\src\hotspot\share\interpreter\linkResolver.cpp, line 805]

VM Operations (20 events):
Event: 17.424 Executing VM operation: G1CollectForAllocation (G1 Evacuation Pause)
Event: 17.433 Executing VM operation: G1CollectForAllocation (G1 Evacuation Pause) done
Event: 18.241 Executing VM operation: G1CollectForAllocation (G1 Evacuation Pause)
Event: 18.349 Executing VM operation: G1CollectForAllocation (G1 Evacuation Pause) done
Event: 18.723 Executing VM operation: G1CollectForAllocation (G1 Evacuation Pause)
Event: 18.730 Executing VM operation: G1CollectForAllocation (G1 Evacuation Pause) done
Event: 19.168 Executing VM operation: G1CollectForAllocation (G1 Evacuation Pause)
Event: 19.174 Executing VM operation: G1CollectForAllocation (G1 Evacuation Pause) done
Event: 20.078 Executing VM operation: G1CollectForAllocation (G1 Evacuation Pause)
Event: 20.094 Executing VM operation: G1CollectForAllocation (G1 Evacuation Pause) done
Event: 21.056 Executing VM operation: HandshakeAllThreads (Deoptimize)
Event: 21.057 Executing VM operation: HandshakeAllThreads (Deoptimize) done
Event: 21.468 Executing VM operation: G1CollectForAllocation (G1 Evacuation Pause)
Event: 21.500 Executing VM operation: G1CollectForAllocation (G1 Evacuation Pause) done
Event: 22.914 Executing VM operation: G1CollectForAllocation (G1 Evacuation Pause)
Event: 22.943 Executing VM operation: G1CollectForAllocation (G1 Evacuation Pause) done
Event: 23.892 Executing VM operation: HandshakeAllThreads (Deoptimize)
Event: 23.892 Executing VM operation: HandshakeAllThreads (Deoptimize) done
Event: 25.672 Executing VM operation: HandshakeAllThreads (Deoptimize)
Event: 25.673 Executing VM operation: HandshakeAllThreads (Deoptimize) done

Memory protections (0 events):
No events

Nmethod flushes (20 events):
Event: 16.752 Thread 0x00000124d55e6030 flushing  nmethod 0x00000124c1570508
Event: 16.752 Thread 0x00000124d55e6030 flushing  nmethod 0x00000124c161bd88
Event: 16.752 Thread 0x00000124d55e6030 flushing  nmethod 0x00000124c164a988
Event: 16.752 Thread 0x00000124d55e6030 flushing  nmethod 0x00000124c1691588
Event: 16.752 Thread 0x00000124d55e6030 flushing  nmethod 0x00000124c1692988
Event: 16.752 Thread 0x00000124d55e6030 flushing  nmethod 0x00000124c1692f08
Event: 16.752 Thread 0x00000124d55e6030 flushing  nmethod 0x00000124c1694488
Event: 16.752 Thread 0x00000124d55e6030 flushing  nmethod 0x00000124c1695008
Event: 16.752 Thread 0x00000124d55e6030 flushing  nmethod 0x00000124c16b2908
Event: 16.752 Thread 0x00000124d55e6030 flushing  nmethod 0x00000124c16b3788
Event: 16.752 Thread 0x00000124d55e6030 flushing  nmethod 0x00000124c16d3e08
Event: 16.752 Thread 0x00000124d55e6030 flushing  nmethod 0x00000124c16d7108
Event: 16.752 Thread 0x00000124d55e6030 flushing  nmethod 0x00000124c16d8f88
Event: 16.752 Thread 0x00000124d55e6030 flushing  nmethod 0x00000124c16f8e08
Event: 16.752 Thread 0x00000124d55e6030 flushing  nmethod 0x00000124c16fa508
Event: 16.752 Thread 0x00000124d55e6030 flushing  nmethod 0x00000124c16fb008
Event: 16.752 Thread 0x00000124d55e6030 flushing  nmethod 0x00000124c16fd488
Event: 16.752 Thread 0x00000124d55e6030 flushing  nmethod 0x00000124c16fdc08
Event: 16.752 Thread 0x00000124d55e6030 flushing  nmethod 0x00000124c1715588
Event: 16.752 Thread 0x00000124d55e6030 flushing  nmethod 0x00000124c1737908

Events (20 events):
Event: 0.085 Thread 0x00000124b86fed00 Thread added: 0x00000124d5753810
Event: 0.159 Thread 0x00000124b86fed00 Thread added: 0x00000124d576e310
Event: 0.253 Thread 0x00000124d5753810 Thread added: 0x00000124d599a2c0
Event: 0.616 Thread 0x00000124b86fed00 Thread added: 0x000001251b174580
Event: 0.616 Thread 0x00000124b86fed00 Thread added: 0x000001251b174cc0
Event: 0.701 Thread 0x00000124b86fed00 Thread added: 0x000001251b76d600
Event: 1.116 Thread 0x00000124d599a2c0 Thread exited: 0x00000124d599a2c0
Event: 1.237 Thread 0x000001251b76d600 Thread added: 0x000001251ba8c7b0
Event: 1.409 Thread 0x000001251b76d600 Thread added: 0x000001251bb1e520
Event: 1.415 Thread 0x000001251b76d600 Thread added: 0x000001251bb2b7a0
Event: 1.563 Thread 0x000001251bcf4050 Thread added: 0x000001251bcf4050
Event: 2.132 Thread 0x00000124d5753810 Thread added: 0x000001251bb14390
Event: 2.766 Thread 0x000001251bb2b7a0 Thread added: 0x000001251bea3020
Event: 3.439 Thread 0x000001251bb14390 Thread exited: 0x000001251bb14390
Event: 10.685 Thread 0x000001251bb2b7a0 Thread added: 0x000001251bea2180
Event: 10.722 Thread 0x000001251ba8c7b0 Thread added: 0x000001251bea28d0
Event: 14.757 Thread 0x000001251bea2180 Thread exited: 0x000001251bea2180
Event: 39.295 Thread 0x00000124d57462c0 Thread added: 0x00000125294be330
Event: 39.452 Thread 0x00000125294be330 Thread exited: 0x00000125294be330
Event: 39.973 Thread 0x000001251bb2b7a0 Thread added: 0x000001251b698e30


Dynamic libraries:
0x00007ff704d20000 - 0x00007ff704d30000 	C:\Program Files\Java\jdk-24\bin\java.exe
0x00007ff823b20000 - 0x00007ff823d88000 	C:\WINDOWS\SYSTEM32\ntdll.dll
0x00007ff822360000 - 0x00007ff822429000 	C:\WINDOWS\System32\KERNEL32.DLL
0x00007ff8204b0000 - 0x00007ff8208a1000 	C:\WINDOWS\System32\KERNELBASE.dll
0x00007ff821490000 - 0x00007ff8215db000 	C:\WINDOWS\System32\ucrtbase.dll
0x00007ff815020000 - 0x00007ff81503b000 	C:\Program Files\Java\jdk-24\bin\VCRUNTIME140.dll
0x00007ff80aed0000 - 0x00007ff80aee6000 	C:\Program Files\Java\jdk-24\bin\jli.dll
0x00007ff821eb0000 - 0x00007ff822076000 	C:\WINDOWS\System32\USER32.dll
0x00007ff808750000 - 0x00007ff8089e3000 	C:\WINDOWS\WinSxS\amd64_microsoft.windows.common-controls_6595b64144ccf1df_6.0.26100.7824_none_3e0870b2e3345462\COMCTL32.dll
0x00007ff821460000 - 0x00007ff821487000 	C:\WINDOWS\System32\win32u.dll
0x00007ff821d70000 - 0x00007ff821e19000 	C:\WINDOWS\System32\msvcrt.dll
0x00007ff8225a0000 - 0x00007ff8225cb000 	C:\WINDOWS\System32\GDI32.dll
0x00007ff820ac0000 - 0x00007ff820beb000 	C:\WINDOWS\System32\gdi32full.dll
0x00007ff820400000 - 0x00007ff8204a3000 	C:\WINDOWS\System32\msvcp_win.dll
0x00007ff822080000 - 0x00007ff8220b1000 	C:\WINDOWS\System32\IMM32.DLL
0x00007ff81a480000 - 0x00007ff81a48c000 	C:\Program Files\Java\jdk-24\bin\vcruntime140_1.dll
0x00007fffeaed0000 - 0x00007fffeaf5e000 	C:\Program Files\Java\jdk-24\bin\msvcp140.dll
0x00007fff74960000 - 0x00007fff75701000 	C:\Program Files\Java\jdk-24\bin\server\jvm.dll
0x00007ff823840000 - 0x00007ff8238f4000 	C:\WINDOWS\System32\ADVAPI32.dll
0x00007ff8220c0000 - 0x00007ff822166000 	C:\WINDOWS\System32\sechost.dll
0x00007ff821bf0000 - 0x00007ff821d08000 	C:\WINDOWS\System32\RPCRT4.dll
0x00007ff822520000 - 0x00007ff822594000 	C:\WINDOWS\System32\WS2_32.dll
0x00007ff820260000 - 0x00007ff8202be000 	C:\WINDOWS\SYSTEM32\POWRPROF.dll
0x00007ff81a080000 - 0x00007ff81a0b5000 	C:\WINDOWS\SYSTEM32\WINMM.dll
0x00007ff81a0c0000 - 0x00007ff81a0cb000 	C:\WINDOWS\SYSTEM32\VERSION.dll
0x00007ff820240000 - 0x00007ff820254000 	C:\WINDOWS\SYSTEM32\UMPDC.dll
0x00007ff81f160000 - 0x00007ff81f17b000 	C:\WINDOWS\SYSTEM32\kernel.appcore.dll
0x00007ff817820000 - 0x00007ff81782a000 	C:\Program Files\Java\jdk-24\bin\jimage.dll
0x00007ff8152b0000 - 0x00007ff8154f2000 	C:\WINDOWS\SYSTEM32\DBGHELP.DLL
0x00007ff8234b0000 - 0x00007ff823836000 	C:\WINDOWS\System32\combase.dll
0x00007ff821b10000 - 0x00007ff821be7000 	C:\WINDOWS\System32\OLEAUT32.dll
0x00007ffffde00000 - 0x00007ffffde3b000 	C:\WINDOWS\SYSTEM32\dbgcore.DLL
0x00007ff821810000 - 0x00007ff8218b5000 	C:\WINDOWS\System32\bcryptPrimitives.dll
0x00007ff817800000 - 0x00007ff81780f000 	C:\Program Files\Java\jdk-24\bin\instrument.dll
0x00007ff80a4e0000 - 0x00007ff80a4fe000 	C:\Program Files\Java\jdk-24\bin\java.dll
0x00007ff823310000 - 0x00007ff8234a7000 	C:\WINDOWS\System32\ole32.dll
0x00007ff822720000 - 0x00007ff822e72000 	C:\WINDOWS\System32\SHELL32.dll
0x00007ff8215e0000 - 0x00007ff82174a000 	C:\WINDOWS\System32\wintypes.dll
0x00007ff820bf0000 - 0x00007ff821453000 	C:\WINDOWS\System32\windows.storage.dll
0x00007ff8219f0000 - 0x00007ff821ae6000 	C:\WINDOWS\System32\SHCORE.dll
0x00007ff822430000 - 0x00007ff822497000 	C:\WINDOWS\System32\shlwapi.dll
0x00007ff820320000 - 0x00007ff820349000 	C:\WINDOWS\SYSTEM32\profapi.dll
0x00007fffe86f0000 - 0x00007fffe87c7000 	C:\Program Files\Java\jdk-24\bin\jsvml.dll
0x00007ff816f20000 - 0x00007ff816f30000 	C:\Program Files\Java\jdk-24\bin\net.dll
0x00007ff81f6b0000 - 0x00007ff81f71b000 	C:\WINDOWS\system32\mswsock.dll
0x00007ff80a4c0000 - 0x00007ff80a4d6000 	C:\Program Files\Java\jdk-24\bin\nio.dll
0x00007ff809fb0000 - 0x00007ff809fc7000 	C:\Program Files\Java\jdk-24\bin\zip.dll
0x00000124b8650000 - 0x00000124b8653000 	C:\Users\abhisek raj\.openjfx\cache\21.0.6+3\amd64\api-ms-win-core-console-l1-1-0.dll
0x00000124b8660000 - 0x00000124b8663000 	C:\Users\abhisek raj\.openjfx\cache\21.0.6+3\amd64\api-ms-win-core-console-l1-2-0.dll
0x00000124b8670000 - 0x00000124b8673000 	C:\Users\abhisek raj\.openjfx\cache\21.0.6+3\amd64\api-ms-win-core-datetime-l1-1-0.dll
0x00000124b8680000 - 0x00000124b8683000 	C:\Users\abhisek raj\.openjfx\cache\21.0.6+3\amd64\api-ms-win-core-debug-l1-1-0.dll
0x00000124b8690000 - 0x00000124b8693000 	C:\Users\abhisek raj\.openjfx\cache\21.0.6+3\amd64\api-ms-win-core-errorhandling-l1-1-0.dll
0x00000124b86a0000 - 0x00000124b86a4000 	C:\Users\abhisek raj\.openjfx\cache\21.0.6+3\amd64\api-ms-win-core-file-l1-1-0.dll
0x00000124b86b0000 - 0x00000124b86b3000 	C:\Users\abhisek raj\.openjfx\cache\21.0.6+3\amd64\api-ms-win-core-file-l1-2-0.dll
0x00000124d5b70000 - 0x00000124d5b73000 	C:\Users\abhisek raj\.openjfx\cache\21.0.6+3\amd64\api-ms-win-core-file-l2-1-0.dll
0x00000124d5b80000 - 0x00000124d5b83000 	C:\Users\abhisek raj\.openjfx\cache\21.0.6+3\amd64\api-ms-win-core-handle-l1-1-0.dll
0x00000124d5b90000 - 0x00000124d5b93000 	C:\Users\abhisek raj\.openjfx\cache\21.0.6+3\amd64\api-ms-win-core-heap-l1-1-0.dll
0x00000124d5ba0000 - 0x00000124d5ba3000 	C:\Users\abhisek raj\.openjfx\cache\21.0.6+3\amd64\api-ms-win-core-interlocked-l1-1-0.dll
0x00000124d5bb0000 - 0x00000124d5bb3000 	C:\Users\abhisek raj\.openjfx\cache\21.0.6+3\amd64\api-ms-win-core-libraryloader-l1-1-0.dll
0x00000124d5bc0000 - 0x00000124d5bc3000 	C:\Users\abhisek raj\.openjfx\cache\21.0.6+3\amd64\api-ms-win-core-localization-l1-2-0.dll
0x00000124d5bd0000 - 0x00000124d5bd3000 	C:\Users\abhisek raj\.openjfx\cache\21.0.6+3\amd64\api-ms-win-core-memory-l1-1-0.dll
0x00000124d5be0000 - 0x00000124d5be3000 	C:\Users\abhisek raj\.openjfx\cache\21.0.6+3\amd64\api-ms-win-core-namedpipe-l1-1-0.dll
0x00000124d5bf0000 - 0x00000124d5bf3000 	C:\Users\abhisek raj\.openjfx\cache\21.0.6+3\amd64\api-ms-win-core-processenvironment-l1-1-0.dll
0x00000124d5c00000 - 0x00000124d5c03000 	C:\Users\abhisek raj\.openjfx\cache\21.0.6+3\amd64\api-ms-win-core-processthreads-l1-1-0.dll
0x00000124d5c10000 - 0x00000124d5c13000 	C:\Users\abhisek raj\.openjfx\cache\21.0.6+3\amd64\api-ms-win-core-processthreads-l1-1-1.dll
0x00000124d5c20000 - 0x00000124d5c23000 	C:\Users\abhisek raj\.openjfx\cache\21.0.6+3\amd64\api-ms-win-core-profile-l1-1-0.dll
0x00000124d5c30000 - 0x00000124d5c33000 	C:\Users\abhisek raj\.openjfx\cache\21.0.6+3\amd64\api-ms-win-core-rtlsupport-l1-1-0.dll
0x00000124d5c40000 - 0x00000124d5c43000 	C:\Users\abhisek raj\.openjfx\cache\21.0.6+3\amd64\api-ms-win-core-string-l1-1-0.dll
0x00000124d5c50000 - 0x00000124d5c53000 	C:\Users\abhisek raj\.openjfx\cache\21.0.6+3\amd64\api-ms-win-core-synch-l1-1-0.dll
0x00000124d5c60000 - 0x00000124d5c63000 	C:\Users\abhisek raj\.openjfx\cache\21.0.6+3\amd64\api-ms-win-core-synch-l1-2-0.dll
0x00000124d5c70000 - 0x00000124d5c73000 	C:\Users\abhisek raj\.openjfx\cache\21.0.6+3\amd64\api-ms-win-core-sysinfo-l1-1-0.dll
0x00000124d5c80000 - 0x00000124d5c83000 	C:\Users\abhisek raj\.openjfx\cache\21.0.6+3\amd64\api-ms-win-core-timezone-l1-1-0.dll
0x00000124d5c90000 - 0x00000124d5c93000 	C:\Users\abhisek raj\.openjfx\cache\21.0.6+3\amd64\api-ms-win-core-util-l1-1-0.dll
0x00000124d5ca0000 - 0x00000124d5ca3000 	C:\Users\abhisek raj\.openjfx\cache\21.0.6+3\amd64\api-ms-win-crt-conio-l1-1-0.dll
0x00000124d5cb0000 - 0x00000124d5cb4000 	C:\Users\abhisek raj\.openjfx\cache\21.0.6+3\amd64\api-ms-win-crt-convert-l1-1-0.dll
0x00000124d5cc0000 - 0x00000124d5cc3000 	C:\Users\abhisek raj\.openjfx\cache\21.0.6+3\amd64\api-ms-win-crt-environment-l1-1-0.dll
0x00000124d5cd0000 - 0x00000124d5cd3000 	C:\Users\abhisek raj\.openjfx\cache\21.0.6+3\amd64\api-ms-win-crt-filesystem-l1-1-0.dll
0x00000124d5ce0000 - 0x00000124d5ce3000 	C:\Users\abhisek raj\.openjfx\cache\21.0.6+3\amd64\api-ms-win-crt-heap-l1-1-0.dll
0x00000124d5cf0000 - 0x00000124d5cf3000 	C:\Users\abhisek raj\.openjfx\cache\21.0.6+3\amd64\api-ms-win-crt-locale-l1-1-0.dll
0x00000124d5d00000 - 0x00000124d5d05000 	C:\Users\abhisek raj\.openjfx\cache\21.0.6+3\amd64\api-ms-win-crt-math-l1-1-0.dll
0x00000124d5d10000 - 0x00000124d5d15000 	C:\Users\abhisek raj\.openjfx\cache\21.0.6+3\amd64\api-ms-win-crt-multibyte-l1-1-0.dll
0x00000124d5d20000 - 0x00000124d5d30000 	C:\Users\abhisek raj\.openjfx\cache\21.0.6+3\amd64\api-ms-win-crt-private-l1-1-0.dll
0x00000124d5d30000 - 0x00000124d5d33000 	C:\Users\abhisek raj\.openjfx\cache\21.0.6+3\amd64\api-ms-win-crt-process-l1-1-0.dll
0x00000124d5d40000 - 0x00000124d5d44000 	C:\Users\abhisek raj\.openjfx\cache\21.0.6+3\amd64\api-ms-win-crt-runtime-l1-1-0.dll
0x00000124d5d50000 - 0x00000124d5d54000 	C:\Users\abhisek raj\.openjfx\cache\21.0.6+3\amd64\api-ms-win-crt-stdio-l1-1-0.dll
0x00000124d5d60000 - 0x00000124d5d64000 	C:\Users\abhisek raj\.openjfx\cache\21.0.6+3\amd64\api-ms-win-crt-string-l1-1-0.dll
0x00000124d5d70000 - 0x00000124d5d73000 	C:\Users\abhisek raj\.openjfx\cache\21.0.6+3\amd64\api-ms-win-crt-time-l1-1-0.dll
0x00000124d5d80000 - 0x00000124d5d83000 	C:\Users\abhisek raj\.openjfx\cache\21.0.6+3\amd64\api-ms-win-crt-utility-l1-1-0.dll
0x00007fffdf060000 - 0x00007fffdf15c000 	C:\Users\abhisek raj\.openjfx\cache\21.0.6+3\amd64\ucrtbase.dll
0x00007ff809f60000 - 0x00007ff809f7b000 	C:\Users\abhisek raj\.openjfx\cache\21.0.6+3\amd64\vcruntime140.dll
0x00007ff80aa00000 - 0x00007ff80aa0c000 	C:\Users\abhisek raj\.openjfx\cache\21.0.6+3\amd64\vcruntime140_1.dll
0x00007fffeae40000 - 0x00007fffeaece000 	C:\Users\abhisek raj\.openjfx\cache\21.0.6+3\amd64\msvcp140.dll
0x00007ff809d80000 - 0x00007ff809d89000 	C:\Users\abhisek raj\.openjfx\cache\21.0.6+3\amd64\msvcp140_1.dll
0x00007ff809550000 - 0x00007ff809591000 	C:\Users\abhisek raj\.openjfx\cache\21.0.6+3\amd64\msvcp140_2.dll
0x00007ff809c90000 - 0x00007ff809cc0000 	C:\Users\abhisek raj\.openjfx\cache\21.0.6+3\amd64\prism_d3d.dll
0x00007fffb34f0000 - 0x00007fffb36a3000 	C:\WINDOWS\system32\d3d9.dll
0x00007ff81e0f0000 - 0x00007ff81e121000 	C:\WINDOWS\SYSTEM32\dwmapi.dll
0x00007ff81e160000 - 0x00007ff81e1a4000 	C:\WINDOWS\SYSTEM32\dxcore.dll
0x00007ff81de80000 - 0x00007ff81df2b000 	C:\WINDOWS\system32\uxtheme.dll
0x00007ff81a0d0000 - 0x00007ff81a28b000 	C:\WINDOWS\System32\DriverStore\FileRepository\u0416624.inf_amd64_1eae707b82df6d48\B416495\aticfx64.dll
0x00007ff8094c0000 - 0x00007ff8094f4000 	C:\WINDOWS\System32\DriverStore\FileRepository\u0416624.inf_amd64_1eae707b82df6d48\B416495\atiu9p64.dll
0x00007fff4f0d0000 - 0x00007fff4fe17000 	C:\WINDOWS\System32\DriverStore\FileRepository\u0416624.inf_amd64_1eae707b82df6d48\B416495\atiumd64.dll
0x0000000069340000 - 0x000000006a253000 	C:\WINDOWS\System32\DriverStore\FileRepository\u0416624.inf_amd64_1eae707b82df6d48\B416495\atiumd6a.dll
0x00007ff822e80000 - 0x00007ff823309000 	C:\WINDOWS\System32\SETUPAPI.dll
0x00007ff817500000 - 0x00007ff817535000 	C:\WINDOWS\SYSTEM32\amdihk64.dll
0x00007ff81b980000 - 0x00007ff81b9e3000 	C:\WINDOWS\SYSTEM32\directxdatabasehelper.dll
0x00007fffe86a0000 - 0x00007fffe86e2000 	C:\Users\abhisek raj\.openjfx\cache\21.0.6+3\amd64\glass.dll
0x00007ff8225d0000 - 0x00007ff8226bf000 	C:\WINDOWS\System32\COMDLG32.dll
0x00007ff822170000 - 0x00007ff8222cf000 	C:\WINDOWS\System32\MSCTF.dll
0x00007ff809530000 - 0x00007ff809545000 	C:\Users\abhisek raj\.openjfx\cache\21.0.6+3\amd64\javafx_font.dll
0x00007ff81d0d0000 - 0x00007ff81d337000 	C:\WINDOWS\SYSTEM32\dwrite.dll
0x00007ff821930000 - 0x00007ff8219e0000 	C:\WINDOWS\System32\clbcatq.dll
0x00007ff81c5e0000 - 0x00007ff81c80f000 	C:\WINDOWS\SYSTEM32\WindowsCodecs.dll
0x00007fffea630000 - 0x00007fffea68a000 	C:\WINDOWS\system32\dataexchange.dll
0x00007ff816520000 - 0x00007ff816764000 	C:\WINDOWS\system32\twinapi.appcore.dll
0x00007ff808c30000 - 0x00007ff808c5c000 	C:\Program Files\Common Files\Microsoft Shared\Ink\rtscom.dll
0x00007ff80b8b0000 - 0x00007ff80b9f9000 	C:\WINDOWS\SYSTEM32\textinputframework.dll
0x00007ff81d9b0000 - 0x00007ff81dad7000 	C:\WINDOWS\SYSTEM32\CoreMessaging.dll
0x00007ff81b000000 - 0x00007ff81b2e2000 	C:\WINDOWS\SYSTEM32\CoreUIComponents.dll
0x00007ff81f900000 - 0x00007ff81f90c000 	C:\WINDOWS\SYSTEM32\CRYPTBASE.DLL
0x00007fffa72e0000 - 0x00007fffa748e000 	C:\WINDOWS\SYSTEM32\DUI70.dll
0x00007fffb3440000 - 0x00007fffb34e3000 	C:\WINDOWS\SYSTEM32\DUser.dll
0x00007ff804970000 - 0x00007ff804a10000 	C:\Program Files\Common Files\microsoft shared\ink\tiptsf.dll
0x00007ff80bbf0000 - 0x00007ff80bca3000 	C:\WINDOWS\SYSTEM32\TextShaping.dll
0x00007ff804850000 - 0x00007ff804879000 	C:\WINDOWS\SYSTEM32\edputil.dll
0x00007ffff3af0000 - 0x00007ffff3dc3000 	C:\WINDOWS\system32\explorerframe.dll
0x00007fffe5360000 - 0x00007fffe53d9000 	C:\Windows\System32\oleacc.dll
0x00007fffe3f20000 - 0x00007fffe3f8f000 	C:\Windows\System32\thumbcache.dll

JVMTI agents:
C:\Program Files\JetBrains\IntelliJ IDEA 2025.2.1\lib\idea_rt.jar path:C:\Program Files\Java\jdk-24\bin\instrument.dll, loaded, initialized, instrumentlib options:62140

dbghelp: loaded successfully - version: 4.0.5 - missing functions: none
symbol engine: initialized successfully - sym options: 0x614 - pdb path: .;C:\Program Files\Java\jdk-24\bin;C:\WINDOWS\SYSTEM32;C:\WINDOWS\WinSxS\amd64_microsoft.windows.common-controls_6595b64144ccf1df_6.0.26100.7824_none_3e0870b2e3345462;C:\Program Files\Java\jdk-24\bin\server;C:\Users\abhisek raj\.openjfx\cache\21.0.6+3\amd64;C:\WINDOWS\System32\DriverStore\FileRepository\u0416624.inf_amd64_1eae707b82df6d48\B416495;C:\Program Files\Common Files\Microsoft Shared\Ink;C:\WINDOWS\WinSxS\amd64_microsoft.windows.gdiplus_6595b64144ccf1df_1.1.26100.7824_none_6ef363983dc6ce30;C:\Program Files\Microsoft OneDrive\26.026.0209.0004

VM Arguments:
jvm_args: -javaagent:C:\Program Files\JetBrains\IntelliJ IDEA 2025.2.1\lib\idea_rt.jar=62140 -Dfile.encoding=UTF-8 -Dsun.stdout.encoding=UTF-8 -Dsun.stderr.encoding=UTF-8 --module-path=C:\Users\abhisek raj\.m2\repository\org\openjfx\javafx-fxml\21.0.6\javafx-fxml-21.0.6-win.jar;C:\Users\abhisek raj\.m2\repository\org\openjfx\javafx-base\21.0.6\javafx-base-21.0.6-win.jar;C:\Users\abhisek raj\.m2\repository\org\fxmisc\richtext\richtextfx\0.11.2\richtextfx-0.11.2.jar;C:\Users\abhisek raj\.m2\repository\com\github\javaparser\javaparser-symbol-solver-core\3.26.2\javaparser-symbol-solver-core-3.26.2.jar;C:\Users\abhisek raj\.m2\repository\org\checkerframework\checker-qual\3.43.0\checker-qual-3.43.0.jar;C:\Users\abhisek raj\.m2\repository\com\fasterxml\jackson\core\jackson-core\2.17.1\jackson-core-2.17.1.jar;C:\Users\abhisek raj\.m2\repository\org\openjfx\javafx-controls\21.0.6\javafx-controls-21.0.6-win.jar;C:\Users\abhisek raj\.m2\repository\org\reactfx\reactfx\2.0-M5\reactfx-2.0-M5.jar;C:\Users\abhisek raj\.m2\repository\org\openjfx\javafx-graphics\21.0.6\javafx-graphics-21.0.6-win.jar;C:\Users\abhisek raj\.m2\repository\commons-io\commons-io\2.15.1\commons-io-2.15.1.jar;C:\Users\abhisek raj\.m2\repository\com\github\javaparser\javaparser-core\3.26.2\javaparser-core-3.26.2.jar;C:\Users\abhisek raj\.m2\repository\org\javassist\javassist\3.30.2-GA\javassist-3.30.2-GA.jar;D:\bodhak-frontend\target\classes;C:\Users\abhisek raj\.m2\repository\com\fasterxml\jackson\core\jackson-annotations\2.17.1\jackson-annotations-2.17.1.jar;C:\Users\abhisek raj\.m2\repository\com\fasterxml\jackson\core\jackson-databind\2.17.1\jackson-databind-2.17.1.jar -Djdk.module.main=com.example.bodhakfrontend 
java_command: com.example.bodhakfrontend/com.example.bodhakfrontend.Main
java_class_path (initial): C:\Users\abhisek raj\.m2\repository\org\fxmisc\undo\undofx\2.1.1\undofx-2.1.1.jar;C:\Users\abhisek raj\.m2\repository\org\fxmisc\flowless\flowless\0.7.2\flowless-0.7.2.jar;C:\Users\abhisek raj\.m2\repository\org\fxmisc\wellbehaved\wellbehavedfx\0.3.3\wellbehavedfx-0.3.3.jar;C:\Users\abhisek raj\.m2\repository\org\openjfx\javafx-controls\21.0.6\javafx-controls-21.0.6.jar;C:\Users\abhisek raj\.m2\repository\org\openjfx\javafx-graphics\21.0.6\javafx-graphics-21.0.6.jar;C:\Users\abhisek raj\.m2\repository\org\openjfx\javafx-base\21.0.6\javafx-base-21.0.6.jar;C:\Users\abhisek raj\.m2\repository\com\google\guava\guava\33.3.0-jre\guava-33.3.0-jre.jar;C:\Users\abhisek raj\.m2\repository\com\google\guava\failureaccess\1.0.2\failureaccess-1.0.2.jar;C:\Users\abhisek raj\.m2\repository\com\google\guava\listenablefuture\9999.0-empty-to-avoid-conflict-with-guava\listenablefuture-9999.0-empty-to-avoid-conflict-with-guava.jar;C:\Users\abhisek raj\.m2\repository\com\google\code\findbugs\jsr305\3.0.2\jsr305-3.0.2.jar;C:\Users\abhisek raj\.m2\repository\com\google\errorprone\error_prone_annotations\2.28.0\error_prone_annotations-2.28.0.jar;C:\Users\abhisek raj\.m2\repository\com\google\j2objc\j2objc-annotations\3.0.0\j2objc-annotations-3.0.0.jar;C:\Users\abhisek raj\.m2\repository\org\openjfx\javafx-fxml\21.0.6\javafx-fxml-21.0.6.jar
Launcher Type: SUN_STANDARD

[Global flags]
     intx CICompilerCount                          = 4                                         {product} {ergonomic}
     uint ConcGCThreads                            = 3                                         {product} {ergonomic}
     uint G1ConcRefinementThreads                  = 10                                        {product} {ergonomic}
   size_t G1HeapRegionSize                         = 1048576                                   {product} {ergonomic}
   size_t InitialHeapSize                          = 123731968                                 {product} {ergonomic}
   size_t MarkStackSize                            = 4194304                                   {product} {ergonomic}
   size_t MarkStackSizeMax                         = 536870912                                 {product} {ergonomic}
   size_t MaxHeapSize                              = 1965031424                                {product} {ergonomic}
   size_t MaxNewSize                               = 1178599424                                {product} {ergonomic}
   size_t MinHeapDeltaBytes                        = 1048576                                   {product} {ergonomic}
   size_t MinHeapSize                              = 8388608                                   {product} {ergonomic}
    uintx NonNMethodCodeHeapSize                   = 5832704                                {pd product} {ergonomic}
    uintx NonProfiledCodeHeapSize                  = 122945536                              {pd product} {ergonomic}
    uintx ProfiledCodeHeapSize                     = 122880000                              {pd product} {ergonomic}
    uintx ReservedCodeCacheSize                    = 251658240                              {pd product} {ergonomic}
     bool SegmentedCodeCache                       = true                                      {product} {ergonomic}
   size_t SoftMaxHeapSize                          = 1965031424                             {manageable} {ergonomic}
     bool UseCompressedOops                        = true                           {product lp64_product} {ergonomic}
     bool UseG1GC                                  = true                                      {product} {ergonomic}
     bool UseLargePagesIndividualAllocation        = false                                  {pd product} {ergonomic}

Logging:
Log output configuration:
 #0: stdout all=warning uptime,level,tags foldmultilines=false
 #1: stderr all=off uptime,level,tags foldmultilines=false

Environment Variables:
PATH=C:\Users\abhisek raj\AppData\Local\Programs\Python\Python313\Scripts\;C:\Users\abhisek raj\AppData\Local\Programs\Python\Python313\;C:\Program Files\Common Files\Oracle\Java\javapath;C:\WINDOWS\system32;C:\WINDOWS;C:\WINDOWS\System32\Wbem;C:\WINDOWS\System32\WindowsPowerShell\v1.0\;C:\WINDOWS\System32\OpenSSH\;C:\Program Files\Git\cmd;C:\Program Files\nodejs\;C:\ProgramData\chocolatey\bin;C:\Program Files\MATLAB\R2025a\bin;C:\Program Files\MySQL\MySQL Shell 8.0\bin\;C:\Users\abhisek raj\AppData\Local\Microsoft\WindowsApps;C:\Program Files\JetBrains\PyCharm 2025.2\bin;C:\Users\abhisek raj\AppData\Roaming\npm;C:\Program Files\JetBrains\IntelliJ IDEA 2025.2.1\bin;C:\Users\abhisek raj\AppData\Local\Programs\Microsoft VS Code\bin;C:\Users\abhisek raj\AppData\Local\Programs\cursor\resources\app\bin
USERNAME=Abhishek Raj
OS=Windows_NT
PROCESSOR_IDENTIFIER=AMD64 Family 25 Model 80 Stepping 0, AuthenticAMD
TMP=C:\Users\ABHISE~1\AppData\Local\Temp
TEMP=C:\Users\ABHISE~1\AppData\Local\Temp




Periodic native trim disabled

---------------  S Y S T E M  ---------------

OS:
 Windows 11 , 64 bit Build 26100 (10.0.26100.7705)
OS uptime: 7 days 2:01 hours
Hyper-V role detected

CPU: total 12 (initial active 12) (12 cores per cpu, 2 threads per core) family 25 model 80 stepping 0 microcode 0xa500014, cx8, cmov, fxsr, ht, mmx, 3dnowpref, sse, sse2, sse3, ssse3, sse4a, sse4.1, sse4.2, popcnt, lzcnt, tsc, tscinvbit, avx, avx2, aes, erms, clmul, bmi1, bmi2, adx, sha, fma, vzeroupper, clflush, clflushopt, hv, rdtscp, rdpid, fsrm, f16c, cet_ss
Processor Information for the first 12 processors :
  Max Mhz: 2000, Current Mhz: 2000, Mhz Limit: 2000

Memory: 4k page, system-wide physical 7489M (441M free)
TotalPageFile size 30017M (AvailPageFile size 2M)
current process WorkingSet (physical memory assigned to process): 118M, peak: 221M
current process commit charge ("private bytes"): 482M, peak: 507M

vm_info: Java HotSpot(TM) 64-Bit Server VM (24.0.2+12-54) for windows-amd64 JRE (24.0.2+12-54), built on 2025-07-08T12:10:27Z with MS VC++ 17.6 (VS2022)

END.
